.027211 0 0 0 
.054422 0 0 0
.081633 0 0 0
.108844 0 0 0
.136056 0 0 0
.163267 0 0 0
.190478 0 0 0
.217689 0 0 0
.244900 0 5000 0
.272112 0 5000 0
.299323 0 5000 0
.326534 0 5000 0
.353745 0 5000 0
.380956 0 5000 0
.408168 0 5000 0
.435379 0 5000 0
.462590 0 5000 0
.489801 0 5000 0
.517012 0 5000 0
.544224 0 5000 0
.571435 4 5000 .000800
.598646 27 5000 .005400
.625857 53 5000 .010600
.653068 119 5000 .023800
.680280 190 5000 .038000
.707491 338 5000 .067600
.734702 475 5000 .095000
.761913 623 5000 .124600
.789124 805 5000 .161000
.816336 983 5000 .196600
.843547 1174 5000 .234800
.870758 1358 5000 .271600
.897969 1548 5000 .309600
.925180 1698 5000 .339600
.952392 1836 5000 .367200
.979603 1968 5000 .393600
1.006814 2125 5000 .425000
1.034025 2276 5000 .455200
1.061236 2407 5000 .481400
1.088448 2569 5000 .513800
1.115659 2732 5000 .546400
1.142870 2865 5000 .573000
1.170081 3000 5000 .600000
1.197292 3120 5000 .624000
1.224504 3257 5000 .651400
1.251715 3347 5000 .669400
1.278926 3460 5000 .692000
1.306137 3554 5000 .710800
1.333348 3631 5000 .726200
1.360560 3720 5000 .744000
1.387771 3805 5000 .761000
1.414982 3871 5000 .774200
1.442193 3947 5000 .789400
1.469404 4013 5000 .802600
1.496616 4078 5000 .815600
1.523827 4140 5000 .828000
1.551038 4202 5000 .840400
1.578249 4247 5000 .849400
1.605460 4291 5000 .858200
1.632672 4342 5000 .868400
