.027211 0 0 0 
.054422 0 0 0
.081633 0 0 0
.108844 0 0 0
.136056 0 10000 0
.163267 0 10000 0
.190478 0 10000 0
.217689 0 10000 0
.244900 0 10000 0
.272112 0 10000 0
.299323 0 10000 0
.326534 0 10000 0
.353745 0 10000 0
.380956 0 10000 0
.408168 6 10000 .000600
.435379 63 10000 .006300
.462590 213 10000 .021300
.489801 495 10000 .049500
.517012 872 10000 .087200
.544224 1286 10000 .128600
.571435 1713 10000 .171300
.598646 2174 10000 .217400
.625857 2626 10000 .262600
.653068 3073 10000 .307300
.680280 3526 10000 .352600
.707491 3957 10000 .395700
.734702 4458 10000 .445800
.761913 4840 10000 .484000
.789124 5265 10000 .526500
.816336 5698 10000 .569800
.843547 6095 9998 .609621
.870758 6545 9997 .654696
.897969 6907 9995 .691045
.925180 7228 9990 .723523
.952392 7490 9998 .749149
.979603 7673 9999 .767376
1.006814 7849 10000 .784900
1.034025 7997 9996 .800020
1.061236 8134 9995 .813806
1.088448 8276 9994 .828096
1.115659 8359 9989 .836820
1.142870 8435 9988 .844513
1.170081 8560 9985 .857285
1.197292 8654 9988 .866439
1.224504 8758 9990 .876676
1.251715 8838 9990 .884684
1.278926 8949 9997 .895168
1.306137 8983 9998 .898479
1.333348 9042 9998 .904380
1.360560 9113 9997 .911573
1.387771 9157 9993 .916341
1.414982 9208 9995 .921260
1.442193 9255 9993 .926148
1.469404 9296 9992 .930344
1.496616 9331 9996 .933473
1.523827 9354 9993 .936055
1.551038 9393 9984 .940805
1.578249 9457 9989 .946741
1.605460 9451 9968 .948134
1.632672 9453 9947 .950336
