.027211 0 0 0 
.054422 0 0 0
.081633 0 0 0
.108844 0 0 0
.136056 0 10000 0
.163267 0 10000 0
.190478 0 10000 0
.217689 0 10000 0
.244900 0 10000 0
.272112 0 10000 0
.299323 0 10000 0
.326534 0 10000 0
.353745 0 10000 0
.380956 0 10000 0
.408168 0 10000 0
.435379 3 10000 .000300
.462590 30 10000 .003000
.489801 91 10000 .009100
.517012 197 10000 .019700
.544224 383 10000 .038300
.571435 607 10000 .060700
.598646 879 10000 .087900
.625857 1189 10000 .118900
.653068 1544 10000 .154400
.680280 1882 10000 .188200
.707491 2296 10000 .229600
.734702 2679 10000 .267900
.761913 3104 10000 .310400
.789124 3533 10000 .353300
.816336 3962 10000 .396200
.843547 4385 9998 .438587
.870758 4830 9994 .483289
.897969 5270 9997 .527158
.925180 5763 9999 .576357
.952392 6126 9994 .612967
.979603 6497 9998 .649829
1.006814 6814 9995 .681740
1.034025 7049 9990 .705605
1.061236 7238 9995 .724162
1.088448 7431 9993 .743620
1.115659 7603 9983 .761594
1.142870 7760 9976 .777866
1.170081 7874 9962 .790403
1.197292 7984 9966 .801123
1.224504 8137 9955 .817378
1.251715 8237 9958 .827174
1.278926 8350 9964 .838016
1.306137 8468 9974 .849007
1.333348 8554 9977 .857371
1.360560 8656 9987 .866726
1.387771 8738 9983 .875287
1.414982 8810 9988 .882058
1.442193 8870 9990 .887887
1.469404 8933 9991 .894104
1.496616 8984 9992 .899119
1.523827 9042 9993 .904833
1.551038 9099 9990 .910810
1.578249 9130 9984 .914463
1.605460 9146 9956 .918642
1.632672 9161 9930 .922557
