.027211 0 0 0 
.054422 0 0 0
.081633 0 0 0
.108844 0 0 0
.136056 0 10000 0
.163267 0 10000 0
.190478 0 10000 0
.217689 0 10000 0
.244900 0 10000 0
.272112 0 10000 0
.299323 0 10000 0
.326534 0 10000 0
.353745 0 10000 0
.380956 0 10000 0
.408168 18 10000 .001800
.435379 143 10000 .014300
.462590 403 10000 .040300
.489801 795 10000 .079500
.517012 1278 10000 .127800
.544224 1739 10000 .173900
.571435 2247 10000 .224700
.598646 2798 10000 .279800
.625857 3295 10000 .329500
.653068 3766 10000 .376600
.680280 4281 10000 .428100
.707491 4765 10000 .476500
.734702 5205 9998 .520604
.761913 5618 10000 .561800
.789124 6039 9999 .603960
.816336 6480 9999 .648064
.843547 6885 9999 .688568
.870758 7266 10000 .726600
.897969 7537 9997 .753926
.925180 7829 9998 .783056
.952392 7978 9998 .797959
.979603 8160 9999 .816081
1.006814 8307 9999 .830783
1.034025 8402 9996 .840536
1.061236 8544 9994 .854912
1.088448 8644 9995 .864832
1.115659 8721 9991 .872885
1.142870 8807 9989 .881669
1.170081 8923 9991 .893103
1.197292 9036 9986 .904866
1.224504 9118 9994 .912347
1.251715 9166 9998 .916783
1.278926 9232 9997 .923477
1.306137 9264 9997 .926678
1.333348 9314 9996 .931772
1.360560 9360 9999 .936093
1.387771 9388 9997 .939081
1.414982 9406 9995 .941070
1.442193 9432 9994 .943766
1.469404 9466 9993 .947263
1.496616 9497 9995 .950175
1.523827 9530 9995 .953476
1.551038 9571 9989 .958153
1.578249 9610 9993 .961673
1.605460 9609 9981 .962729
1.632672 9612 9959 .965157
