.027211 0 0 0 
.054422 0 0 0
.081633 0 0 0
.108844 0 0 0
.136056 0 10000 0
.163267 0 10000 0
.190478 0 10000 0
.217689 0 10000 0
.244900 0 10000 0
.272112 0 10000 0
.299323 0 10000 0
.326534 0 10000 0
.353745 0 10000 0
.380956 0 10000 0
.408168 0 10000 0
.435379 5 10000 .000500
.462590 49 10000 .004900
.489801 149 10000 .014900
.517012 333 10000 .033300
.544224 595 10000 .059500
.571435 866 10000 .086600
.598646 1217 10000 .121700
.625857 1579 10000 .157900
.653068 1950 10000 .195000
.680280 2349 10000 .234900
.707491 2752 10000 .275200
.734702 3182 10000 .318200
.761913 3579 10000 .357900
.789124 4016 10000 .401600
.816336 4439 10000 .443900
.843547 4847 9998 .484796
.870758 5338 9993 .534173
.897969 5765 9992 .576961
.925180 6199 9994 .620272
.952392 6580 9992 .658526
.979603 6849 9997 .685105
1.006814 7089 9999 .708970
1.034025 7347 9998 .734846
1.061236 7520 9997 .752225
1.088448 7662 9994 .766659
1.115659 7816 9986 .782695
1.142870 7954 9983 .796754
1.170081 8044 9977 .806254
1.197292 8165 9970 .818956
1.224504 8270 9966 .829821
1.251715 8407 9969 .843314
1.278926 8520 9978 .853878
1.306137 8588 9989 .859745
1.333348 8674 9982 .868964
1.360560 8770 9989 .877965
1.387771 8839 9987 .885050
1.414982 8938 9991 .894605
1.442193 8964 9990 .897297
1.469404 9004 9991 .901211
1.496616 9071 9990 .908008
1.523827 9116 9990 .912512
1.551038 9174 9991 .918226
1.578249 9197 9980 .921543
1.605460 9232 9963 .926628
1.632672 9242 9941 .929685
