.027211 0 0 0 
.054422 0 0 0
.081633 0 0 0
.108844 0 0 0
.136056 0 10000 0
.163267 0 10000 0
.190478 0 10000 0
.217689 0 10000 0
.244900 0 10000 0
.272112 0 10000 0
.299323 0 10000 0
.326534 0 10000 0
.353745 0 10000 0
.380956 0 10000 0
.408168 0 10000 0
.435379 2 10000 .000200
.462590 5 10000 .000500
.489801 55 10000 .005500
.517012 127 10000 .012700
.544224 259 10000 .025900
.571435 412 10000 .041200
.598646 546 10000 .054600
.625857 732 10000 .073200
.653068 997 10000 .099700
.680280 1292 10000 .129200
.707491 1605 10000 .160500
.734702 1972 10000 .197200
.761913 2426 10000 .242600
.789124 2888 10000 .288800
.816336 3323 10000 .332300
.843547 3756 10000 .375600
.870758 4215 9998 .421584
.897969 4711 9997 .471241
.925180 5208 9999 .520852
.952392 5677 9997 .567870
.979603 6082 9996 .608443
1.006814 6438 9993 .644250
1.034025 6730 9993 .673471
1.061236 6979 9992 .698458
1.088448 7238 9981 .725177
1.115659 7470 9976 .748797
1.142870 7633 9965 .765980
1.170081 7733 9943 .777733
1.197292 7920 9955 .795580
1.224504 8060 9948 .810213
1.251715 8201 9950 .824221
1.278926 8335 9961 .836763
1.306137 8450 9952 .849075
1.333348 8532 9959 .856712
1.360560 8644 9966 .867348
1.387771 8735 9975 .875689
1.414982 8804 9984 .881810
1.442193 8885 9985 .889834
1.469404 8916 9985 .892939
1.496616 8994 9990 .900300
1.523827 9050 9990 .905905
1.551038 9101 9992 .910828
1.578249 9130 9990 .913913
1.605460 9129 9964 .916198
1.632672 9129 9925 .919798
