.027211 0 0 0 
.054422 0 0 0
.081633 0 0 0
.108844 0 0 0
.136056 0 10000 0
.163267 0 10000 0
.190478 0 10000 0
.217689 0 10000 0
.244900 0 10000 0
.272112 0 10000 0
.299323 0 10000 0
.326534 0 10000 0
.353745 0 10000 0
.380956 0 10000 0
.408168 47 10000 .004700
.435379 284 10000 .028400
.462590 692 10000 .069200
.489801 1196 10000 .119600
.517012 1751 10000 .175100
.544224 2355 10000 .235500
.571435 3013 10000 .301300
.598646 3561 10000 .356100
.625857 4152 10000 .415200
.653068 4705 9999 .470547
.680280 5262 10000 .526200
.707491 5818 10000 .581800
.734702 6184 10000 .618400
.761913 6581 10000 .658100
.789124 6955 10000 .695500
.816336 7354 10000 .735400
.843547 7659 10000 .765900
.870758 7985 9999 .798579
.897969 8187 9998 .818863
.925180 8369 10000 .836900
.952392 8558 9998 .855971
.979603 8698 9999 .869886
1.006814 8762 9999 .876287
1.034025 8869 9998 .887077
1.061236 8957 9999 .895789
1.088448 9017 9997 .901970
1.115659 9124 9991 .913221
1.142870 9206 9994 .921152
1.170081 9281 9996 .928471
1.197292 9351 9998 .935287
1.224504 9395 9995 .939969
1.251715 9447 9996 .945078
1.278926 9483 9998 .948489
1.306137 9504 9997 .950685
1.333348 9530 9999 .953095
1.360560 9560 9998 .956191
1.387771 9584 9998 .958591
1.414982 9611 9994 .961677
1.442193 9624 9996 .962785
1.469404 9661 9997 .966389
1.496616 9677 9997 .967990
1.523827 9705 9993 .971179
1.551038 9709 9995 .971385
1.578249 9723 9991 .973175
1.605460 9736 9986 .974964
1.632672 9737 9968 .976825
