.027211 0 0 0 
.054422 0 0 0
.081633 0 0 0
.108844 0 0 0
.136056 0 10000 0
.163267 0 10000 0
.190478 0 10000 0
.217689 0 10000 0
.244900 0 10000 0
.272112 0 10000 0
.299323 0 10000 0
.326534 0 0 0
.353745 0 10000 0
.380956 15 10000 .001500
.408168 141 10000 .014100
.435379 518 10000 .051800
.462590 1117 10000 .111700
.489801 1801 10000 .180100
.517012 2533 10000 .253300
.544224 3289 10000 .328900
.571435 4039 10000 .403900
.598646 4736 10000 .473600
.625857 5371 10000 .537100
.653068 5934 10000 .593400
.680280 6397 10000 .639700
.707491 6828 10000 .682800
.734702 7202 10000 .720200
.761913 7538 9998 .753950
.789124 7874 9999 .787478
.816336 8224 9999 .822482
.843547 8515 10000 .851500
.870758 8726 9999 .872687
.897969 8823 9997 .882564
.925180 9003 9999 .900390
.952392 9102 9998 .910382
.979603 9219 10000 .921900
1.006814 9272 9999 .927292
1.034025 9298 9999 .929892
1.061236 9365 10000 .936500
1.088448 9419 9999 .941994
1.115659 9485 9994 .949069
1.142870 9560 9998 .956191
1.170081 9598 9998 .959991
1.197292 9619 9994 .962477
1.224504 9655 9998 .965693
1.251715 9688 9997 .969090
1.278926 9675 9997 .967790
1.306137 9720 9995 .972486
1.333348 9744 9999 .974497
1.360560 9751 9997 .975392
1.387771 9766 9999 .976697
1.414982 9797 9996 .980092
1.442193 9784 9996 .978791
1.469404 9792 9998 .979395
1.496616 9818 9999 .981898
1.523827 9833 10000 .983300
1.551038 9841 9996 .984493
1.578249 9850 9997 .985295
1.605460 9842 9991 .985086
1.632672 9844 9980 .986372
