.027211 0 0 0 
.054422 0 0 0
.081633 0 0 0
.108844 0 0 0
.136056 0 10000 0
.163267 0 10000 0
.190478 0 10000 0
.217689 0 10000 0
.244900 0 10000 0
.272112 0 10000 0
.299323 0 10000 0
.326534 0 10000 0
.353745 0 10000 0
.380956 0 10000 0
.408168 1 10000 .000100
.435379 21 10000 .002100
.462590 108 10000 .010800
.489801 290 10000 .029000
.517012 553 10000 .055300
.544224 892 10000 .089200
.571435 1271 10000 .127100
.598646 1653 10000 .165300
.625857 2046 10000 .204600
.653068 2468 10000 .246800
.680280 2889 10000 .288900
.707491 3320 10000 .332000
.734702 3784 10000 .378400
.761913 4183 10000 .418300
.789124 4588 10000 .458800
.816336 5039 10000 .503900
.843547 5459 9998 .546009
.870758 5892 9992 .589671
.897969 6328 9987 .633623
.925180 6676 10000 .667600
.952392 7022 9997 .702410
.979603 7230 9999 .723072
1.006814 7434 9997 .743623
1.034025 7617 9998 .761852
1.061236 7805 9994 .780968
1.088448 7960 9994 .796477
1.115659 8052 9987 .806248
1.142870 8169 9984 .818209
1.170081 8281 9983 .829510
1.197292 8369 9973 .839165
1.224504 8483 9981 .849914
1.251715 8596 9981 .861236
1.278926 8706 9991 .871384
1.306137 8762 9995 .876638
1.333348 8813 9993 .881917
1.360560 8909 9993 .891524
1.387771 8981 9990 .898998
1.414982 9060 9993 .906634
1.442193 9115 9997 .911773
1.469404 9153 9994 .915849
1.496616 9192 9994 .919751
1.523827 9237 9990 .924624
1.551038 9288 9986 .930102
1.578249 9318 9982 .933480
1.605460 9346 9966 .937788
1.632672 9334 9942 .938845
