.027211 0 5000 0
.054422 0 5000 0
.081633 0 5000 0
.108844 0 5000 0
.136056 0 5000 0
.163267 0 5000 0
.190478 0 5000 0
.217689 0 5000 0
.244900 0 5000 0
.272112 0 5000 0
.299323 0 5000 0
.326534 0 5000 0
.353745 0 5000 0
.380956 51 5000 .010200
.408168 226 5000 .045200
.435379 527 5000 .105400
.462590 975 5000 .195000
.489801 1443 5000 .288600
.517012 1896 5000 .379200
.544224 2318 5000 .463600
.571435 2739 5000 .547800
.598646 3087 5000 .617400
.625857 3371 5000 .674200
.653068 3581 5000 .716200
.680280 3807 5000 .761400
.707491 4012 5000 .802400
.734702 4146 4999 .829365
.761913 4299 5000 .859800
.789124 4440 5000 .888000
.816336 4557 5000 .911400
.843547 4656 5000 .931200
.870758 4689 5000 .937800
.897969 4723 4999 .944788
.925180 4763 4999 .952790
.952392 4787 5000 .957400
.979603 4832 4997 .966980
1.006814 4850 4998 .970388
1.034025 4845 5000 .969000
1.061236 4844 4999 .968993
1.088448 4867 4998 .973789
1.115659 4896 4999 .979395
1.142870 4908 4996 .982385
1.170081 4926 4999 .985397
1.197292 4934 4998 .987194
1.224504 4939 5000 .987800
1.251715 4939 5000 .987800
1.278926 4941 5000 .988200
1.306137 4941 5000 .988200
1.333348 4950 5000 .990000
1.360560 4953 4999 .990798
1.387771 4961 5000 .992200
1.414982 4946 4999 .989397
1.442193 4953 5000 .990600
1.469404 4971 5000 .994200
1.496616 4966 4999 .993398
1.523827 4970 5000 .994000
1.551038 4971 5000 .994200
1.578249 4970 4999 .994198
1.605460 4965 4998 .993397
1.632672 4965 4993 .994392
