.027211 0 0 0 
.054422 0 0 0
.081633 0 0 0
.108844 0 0 0
.136056 0 10000 0
.163267 0 10000 0
.190478 0 10000 0
.217689 0 10000 0
.244900 0 10000 0
.272112 0 10000 0
.299323 0 10000 0
.326534 0 10000 0
.353745 0 10000 0
.380956 0 10000 0
.408168 0 10000 0
.435379 4 10000 .000400
.462590 14 10000 .001400
.489801 59 10000 .005900
.517012 150 10000 .015000
.544224 274 10000 .027400
.571435 454 10000 .045400
.598646 650 10000 .065000
.625857 882 10000 .088200
.653068 1206 10000 .120600
.680280 1505 10000 .150500
.707491 1865 10000 .186500
.734702 2258 10000 .225800
.761913 2707 10000 .270700
.789124 3132 10000 .313200
.816336 3512 10000 .351200
.843547 4021 9997 .402220
.870758 4477 9999 .447744
.897969 4927 9997 .492847
.925180 5434 9993 .543780
.952392 5882 9995 .588494
.979603 6240 9994 .624374
1.006814 6541 9995 .654427
1.034025 6824 9998 .682536
1.061236 7044 9994 .704822
1.088448 7278 9988 .728674
1.115659 7504 9979 .751979
1.142870 7654 9969 .767780
1.170081 7782 9957 .781560
1.197292 7903 9952 .794111
1.224504 8051 9948 .809308
1.251715 8179 9953 .821762
1.278926 8303 9963 .833383
1.306137 8424 9962 .845613
1.333348 8528 9968 .855537
1.360560 8603 9974 .862542
1.387771 8714 9979 .873233
1.414982 8766 9983 .878092
1.442193 8835 9987 .884650
1.469404 8891 9988 .890168
1.496616 8979 9989 .898888
1.523827 9030 9991 .903813
1.551038 9078 9991 .908617
1.578249 9110 9990 .911911
1.605460 9106 9965 .913798
1.632672 9112 9926 .917993
