.027211 0 0 0 
.054422 0 0 0
.081633 0 0 0
.108844 0 0 0
.136056 0 10000 0
.163267 0 10000 0
.190478 0 10000 0
.217689 0 10000 0
.244900 0 10000 0
.272112 0 10000 0
.299323 0 10000 0
.326534 0 10000 0
.353745 0 10000 0
.380956 0 10000 0
.408168 0 10000 0
.435379 2 10000 .000200
.462590 12 10000 .001200
.489801 50 10000 .005000
.517012 122 10000 .012200
.544224 244 10000 .024400
.571435 391 10000 .039100
.598646 528 10000 .052800
.625857 683 10000 .068300
.653068 914 10000 .091400
.680280 1192 10000 .119200
.707491 1512 10000 .151200
.734702 1870 10000 .187000
.761913 2313 10000 .231300
.789124 2758 10000 .275800
.816336 3210 9999 .321032
.843547 3676 10000 .367600
.870758 4150 9999 .415041
.897969 4683 10000 .468300
.925180 5160 9997 .516154
.952392 5626 9997 .562768
.979603 6033 9994 .603662
1.006814 6431 9991 .643679
1.034025 6778 9995 .678139
1.061236 7026 9992 .703162
1.088448 7237 9984 .724859
1.115659 7460 9981 .747420
1.142870 7638 9970 .766098
1.170081 7732 9942 .777710
1.197292 7928 9951 .796703
1.224504 8080 9947 .812305
1.251715 8210 9951 .825042
1.278926 8338 9950 .837989
1.306137 8443 9952 .848372
1.333348 8474 9959 .850888
1.360560 8606 9961 .863969
1.387771 8696 9975 .871779
1.414982 8778 9981 .879470
1.442193 8857 9983 .887208
1.469404 8940 9986 .895253
1.496616 8996 9986 .900861
1.523827 9024 9986 .903665
1.551038 9083 9988 .909391
1.578249 9101 9981 .911832
1.605460 9103 9953 .914598
1.632672 9113 9920 .918649
