.027211 0 5000 0
.054422 0 5000 0
.081633 0 5000 0
.108844 0 5000 0
.136056 0 5000 0
.163267 0 5000 0
.190478 0 5000 0
.217689 0 5000 0
.244900 0 5000 0
.272112 0 5000 0
.299323 0 5000 0
.326534 56 5000 .011200
.353745 252 5000 .050400
.380956 623 5000 .124600
.408168 1051 5000 .210200
.435379 1559 5000 .311800
.462590 2028 5000 .405600
.489801 2493 5000 .498600
.517012 2882 5000 .576400
.544224 3228 5000 .645600
.571435 3484 5000 .696800
.598646 3736 5000 .747200
.625857 3935 4999 .787157
.653068 4111 5000 .822200
.680280 4269 4999 .853970
.707491 4388 5000 .877600
.734702 4507 5000 .901400
.761913 4643 5000 .928600
.789124 4736 5000 .947200
.816336 4810 5000 .962000
.843547 4832 4999 .966593
.870758 4845 5000 .969000
.897969 4840 5000 .968000
.925180 4849 5000 .969800
.952392 4876 4999 .975395
.979603 4900 5000 .980000
1.006814 4907 5000 .981400
1.034025 4920 4997 .984590
1.061236 4930 4999 .986197
1.088448 4931 5000 .986200
1.115659 4946 5000 .989200
1.142870 4946 4999 .989397
1.170081 4956 4999 .991398
1.197292 4962 4999 .992598
1.224504 4961 4998 .992597
1.251715 4959 4999 .991998
1.278926 4966 4999 .993398
1.306137 4952 5000 .990400
1.333348 4959 5000 .991800
1.360560 4970 4999 .994198
1.387771 4974 4999 .994998
1.414982 4976 5000 .995200
1.442193 4976 4998 .995598
1.469404 4971 5000 .994200
1.496616 4969 4997 .994396
1.523827 4981 5000 .996200
1.551038 4982 4998 .996798
1.578249 4979 4994 .996996
1.605460 4971 4996 .994995
1.632672 4960 4991 .993788
