.027211 0 0 0 
.054422 0 0 0
.081633 0 0 0
.108844 0 0 0
.136056 0 10000 0
.163267 0 10000 0
.190478 0 10000 0
.217689 0 10000 0
.244900 0 10000 0
.272112 0 10000 0
.299323 0 10000 0
.326534 0 10000 0
.353745 0 10000 0
.380956 0 10000 0
.408168 0 10000 0
.435379 0 10000 0
.462590 0 10000 0
.489801 2 10000 .000200
.517012 7 10000 .000700
.544224 17 10000 .001700
.571435 59 10000 .005900
.598646 114 10000 .011400
.625857 203 10000 .020300
.653068 392 10000 .039200
.680280 653 10000 .065300
.707491 968 10000 .096800
.734702 1233 10000 .123300
.761913 1472 10000 .147200
.789124 1832 10000 .183200
.816336 2136 10000 .213600
.843547 2482 10000 .248200
.870758 2846 10000 .284600
.897969 3224 10000 .322400
.925180 3577 10000 .357700
.952392 3894 10000 .389400
.979603 4238 10000 .423800
1.006814 4524 10000 .452400
1.034025 4839 10000 .483900
1.061236 5151 10000 .515100
1.088448 5474 10000 .547400
1.115659 5743 10000 .574300
1.142870 5997 10000 .599700
1.170081 6284 10000 .628400
1.197292 6544 10000 .654400
1.224504 6767 10000 .676700
1.251715 6960 10000 .696000
1.278926 7141 10000 .714100
1.306137 7341 10000 .734100
1.333348 7509 10000 .750900
1.360560 7654 10000 .765400
1.387771 7816 10000 .781600
1.414982 7952 10000 .795200
1.442193 8087 10000 .808700
1.469404 8232 10000 .823200
1.496616 8344 10000 .834400
1.523827 8436 10000 .843600
1.551038 8546 10000 .854600
1.578249 8643 10000 .864300
1.605460 8735 10000 .873500
1.632672 8808 10000 .880800
