.027211 0 5000 0
.054422 0 5000 0
.081633 0 5000 0
.108844 0 5000 0
.136056 0 5000 0
.163267 0 5000 0
.190478 0 5000 0
.217689 0 5000 0
.244900 0 5000 0
.272112 0 5000 0
.299323 0 5000 0
.326534 0 5000 0
.353745 0 5000 0
.380956 0 5000 0
.408168 0 5000 0
.435379 0 5000 0
.462590 0 5000 0
.489801 2 5000 .000400
.517012 5 5000 .001000
.544224 11 5000 .002200
.571435 52 5000 .010400
.598646 78 5000 .015600
.625857 148 5000 .029600
.653068 277 5000 .055400
.680280 412 5000 .082400
.707491 607 5000 .121400
.734702 803 5000 .160600
.761913 1013 5000 .202600
.789124 1217 5000 .243400
.816336 1416 5000 .283200
.843547 1624 5000 .324800
.870758 1894 5000 .378800
.897969 2088 5000 .417600
.925180 2298 5000 .459600
.952392 2457 5000 .491400
.979603 2632 5000 .526400
1.006814 2788 5000 .557600
1.034025 2959 5000 .591800
1.061236 3080 5000 .616000
1.088448 3222 5000 .644400
1.115659 3362 5000 .672400
1.142870 3482 5000 .696400
1.170081 3618 5000 .723600
1.197292 3720 5000 .744000
1.224504 3829 5000 .765800
1.251715 3925 5000 .785000
1.278926 3999 5000 .799800
1.306137 4087 5000 .817400
1.333348 4164 5000 .832800
1.360560 4223 5000 .844600
1.387771 4254 5000 .850800
1.414982 4312 5000 .862400
1.442193 4372 5000 .874400
1.469404 4401 5000 .880200
1.496616 4417 4999 .883576
1.523827 4449 5000 .889800
1.551038 4482 5000 .896400
1.578249 4521 5000 .904200
1.605460 4537 4999 .907581
1.632672 4575 5000 .915000
