.027211 0 0 0 
.054422 0 0 0
.081633 0 0 0
.108844 0 10000 0
.136056 0 10000 0
.163267 0 10000 0
.190478 0 10000 0
.217689 0 10000 0
.244900 0 10000 0
.272112 0 10000 0
.299323 0 10000 0
.326534 0 10000 0
.353745 0 10000 0
.380956 0 10000 0
.408168 0 10000 0
.435379 0 10000 0
.462590 0 10000 0
.489801 1 10000 .000100
.517012 6 10000 .000600
.544224 24 10000 .002400
.571435 76 10000 .007600
.598646 152 10000 .015200
.625857 317 10000 .031700
.653068 508 10000 .050800
.680280 732 10000 .073200
.707491 1017 10000 .101700
.734702 1290 10000 .129000
.761913 1563 10000 .156300
.789124 1888 10000 .188800
.816336 2249 10000 .224900
.843547 2626 10000 .262600
.870758 2990 10000 .299000
.897969 3332 10000 .333200
.925180 3753 10000 .375300
.952392 4080 10000 .408000
.979603 4398 10000 .439800
1.006814 4681 10000 .468100
1.034025 5009 10000 .500900
1.061236 5322 10000 .532200
1.088448 5636 10000 .563600
1.115659 5886 10000 .588600
1.142870 6177 10000 .617700
1.170081 6425 10000 .642500
1.197292 6672 10000 .667200
1.224504 6884 10000 .688400
1.251715 7108 10000 .710800
1.278926 7300 10000 .730000
1.306137 7466 9999 .746674
1.333348 7606 10000 .760600
1.360560 7769 10000 .776900
1.387771 7922 9999 .792279
1.414982 8093 10000 .809300
1.442193 8227 10000 .822700
1.469404 8325 10000 .832500
1.496616 8407 10000 .840700
1.523827 8520 10000 .852000
1.551038 8653 10000 .865300
1.578249 8736 10000 .873600
1.605460 8836 9999 .883688
1.632672 8894 10000 .889400
