.027211 0 5000 0
.054422 0 5000 0
.081633 0 5000 0
.108844 0 5000 0
.136056 0 5000 0
.163267 0 5000 0
.190478 0 5000 0
.217689 0 5000 0
.244900 0 5000 0
.272112 0 5000 0
.299323 0 5000 0
.326534 0 5000 0
.353745 0 5000 0
.380956 0 5000 0
.408168 0 5000 0
.435379 0 5000 0
.462590 0 5000 0
.489801 0 5000 0
.517012 17 5000 .003400
.544224 40 5000 .008000
.571435 88 5000 .017600
.598646 170 5000 .034000
.625857 285 5000 .057000
.653068 451 5000 .090200
.680280 646 5000 .129200
.707491 875 5000 .175000
.734702 1075 5000 .215000
.761913 1281 5000 .256200
.789124 1571 5000 .314200
.816336 1794 5000 .358800
.843547 2055 5000 .411000
.870758 2288 5000 .457600
.897969 2490 5000 .498000
.925180 2661 5000 .532200
.952392 2851 5000 .570200
.979603 2991 5000 .598200
1.006814 3143 5000 .628600
1.034025 3286 5000 .657200
1.061236 3391 5000 .678200
1.088448 3534 5000 .706800
1.115659 3695 5000 .739000
1.142870 3812 5000 .762400
1.170081 3889 5000 .777800
1.197292 3984 5000 .796800
1.224504 4064 5000 .812800
1.251715 4139 5000 .827800
1.278926 4198 5000 .839600
1.306137 4256 5000 .851200
1.333348 4290 5000 .858000
1.360560 4322 5000 .864400
1.387771 4382 5000 .876400
1.414982 4423 5000 .884600
1.442193 4460 5000 .892000
1.469404 4500 5000 .900000
1.496616 4557 5000 .911400
1.523827 4561 5000 .912200
1.551038 4602 5000 .920400
1.578249 4622 5000 .924400
1.605460 4637 4999 .927585
1.632672 4656 5000 .931200
