.027211 0 10000 0 
.054422 0 10000 0
.081633 0 10000 0
.108844 0 10000 0
.136056 0 10000 0
.163267 0 10000 0
.190478 0 10000 0
.217689 0 10000 0
.244900 0 10000 0
.272112 0 10000 0
.299323 0 10000 0
.326534 0 10000 0
.353745 0 10000 0
.380956 0 10000 0
.408168 0 10000 0
.435379 0 10000 0
.462590 2 10000 .000200
.489801 10 10000 .001000
.517012 31 10000 .003100
.544224 61 10000 .006100
.571435 105 10000 .010500
.598646 196 10000 .019600
.625857 353 10000 .035300
.653068 565 10000 .056500
.680280 835 10000 .083500
.707491 1180 10000 .118000
.734702 1478 10000 .147800
.761913 1799 10000 .179900
.789124 2192 10000 .219200
.816336 2563 10000 .256300
.843547 3007 10000 .300700
.870758 3378 10000 .337800
.897969 3755 10000 .375500
.925180 4190 10000 .419000
.952392 4555 10000 .455500
.979603 4911 10000 .491100
1.006814 5200 10000 .520000
1.034025 5507 10000 .550700
1.061236 5805 10000 .580500
1.088448 6137 10000 .613700
1.115659 6424 10000 .642400
1.142870 6693 10000 .669300
1.170081 6920 10000 .692000
1.197292 7106 10000 .710600
1.224504 7328 10000 .732800
1.251715 7544 10000 .754400
1.278926 7732 10000 .773200
1.306137 7861 10000 .786100
1.333348 8009 9999 .800980
1.360560 8129 10000 .812900
1.387771 8262 10000 .826200
1.414982 8410 10000 .841000
1.442193 8520 10000 .852000
1.469404 8602 10000 .860200
1.496616 8663 9999 .866386
1.523827 8738 9999 .873887
1.551038 8811 9998 .881276
1.578249 8895 10000 .889500
1.605460 8933 10000 .893300
1.632672 8995 9999 .899589
