.027211 0 0 0 
.054422 0 0 0
.081633 0 10000 0
.108844 0 10000 0
.136056 0 10000 0
.163267 0 10000 0
.190478 0 10000 0
.217689 0 10000 0
.244900 0 10000 0
.272112 0 10000 0
.299323 0 10000 0
.326534 0 10000 0
.353745 0 10000 0
.380956 0 10000 0
.408168 0 10000 0
.435379 0 10000 0
.462590 3 10000 .000300
.489801 14 10000 .001400
.517012 38 10000 .003800
.544224 90 10000 .009000
.571435 168 10000 .016800
.598646 278 10000 .027800
.625857 410 10000 .041000
.653068 629 10000 .062900
.680280 956 10000 .095600
.707491 1313 10000 .131300
.734702 1656 10000 .165600
.761913 2049 10000 .204900
.789124 2467 10000 .246700
.816336 2942 10000 .294200
.843547 3399 10000 .339900
.870758 3852 10000 .385200
.897969 4290 10000 .429000
.925180 4722 10000 .472200
.952392 5124 10000 .512400
.979603 5500 10000 .550000
1.006814 5886 10000 .588600
1.034025 6142 10000 .614200
1.061236 6363 10000 .636300
1.088448 6633 10000 .663300
1.115659 6940 10000 .694000
1.142870 7234 10000 .723400
1.170081 7446 10000 .744600
1.197292 7668 10000 .766800
1.224504 7852 10000 .785200
1.251715 7985 10000 .798500
1.278926 8143 9999 .814381
1.306137 8284 9999 .828482
1.333348 8381 9999 .838183
1.360560 8464 9997 .846653
1.387771 8543 9997 .854556
1.414982 8645 9999 .864586
1.442193 8737 9997 .873962
1.469404 8801 9999 .880188
1.496616 8870 9998 .887177
1.523827 8936 9999 .893689
1.551038 9012 9997 .901470
1.578249 9084 9998 .908581
1.605460 9124 9998 .912582
1.632672 9199 10000 .919900
