.027211 0 0 0 
.054422 0 0 0
.081633 0 0 0
.108844 0 10000 0
.136056 0 10000 0
.163267 0 10000 0
.190478 0 10000 0
.217689 0 10000 0
.244900 0 10000 0
.272112 0 10000 0
.299323 0 10000 0
.326534 0 10000 0
.353745 0 10000 0
.380956 0 10000 0
.408168 0 10000 0
.435379 0 10000 0
.462590 0 10000 0
.489801 0 10000 0
.517012 4 10000 .000400
.544224 25 10000 .002500
.571435 79 10000 .007900
.598646 146 10000 .014600
.625857 273 10000 .027300
.653068 433 10000 .043300
.680280 669 10000 .066900
.707491 905 10000 .090500
.734702 1181 10000 .118100
.761913 1451 10000 .145100
.789124 1739 10000 .173900
.816336 2148 10000 .214800
.843547 2567 10000 .256700
.870758 2938 10000 .293800
.897969 3312 10000 .331200
.925180 3699 10000 .369900
.952392 4137 10000 .413700
.979603 4460 10000 .446000
1.006814 4790 10000 .479000
1.034025 5119 10000 .511900
1.061236 5391 10000 .539100
1.088448 5706 10000 .570600
1.115659 6013 10000 .601300
1.142870 6241 10000 .624100
1.170081 6458 10000 .645800
1.197292 6720 10000 .672000
1.224504 6929 10000 .692900
1.251715 7146 10000 .714600
1.278926 7304 10000 .730400
1.306137 7476 10000 .747600
1.333348 7704 9998 .770554
1.360560 7847 10000 .784700
1.387771 7985 9999 .798579
1.414982 8110 9999 .811081
1.442193 8240 9999 .824082
1.469404 8357 9997 .835950
1.496616 8447 9999 .844784
1.523827 8554 9999 .855485
1.551038 8665 9997 .866760
1.578249 8765 9996 .876850
1.605460 8846 9997 .884865
1.632672 8906 9999 .890689
