.027211 0 5000 0
.054422 0 5000 0
.081633 0 5000 0
.108844 0 5000 0
.136056 0 5000 0
.163267 0 5000 0
.190478 0 5000 0
.217689 0 5000 0
.244900 0 5000 0
.272112 0 5000 0
.299323 0 5000 0
.326534 0 5000 0
.353745 0 5000 0
.380956 0 5000 0
.408168 0 5000 0
.435379 0 5000 0
.462590 0 5000 0
.489801 1 5000 .000200
.517012 6 5000 .001200
.544224 46 5000 .009200
.571435 89 5000 .017800
.598646 195 5000 .039000
.625857 305 5000 .061000
.653068 486 5000 .097200
.680280 687 5000 .137400
.707491 930 5000 .186000
.734702 1171 5000 .234200
.761913 1433 5000 .286600
.789124 1728 5000 .345600
.816336 2018 5000 .403600
.843547 2305 5000 .461000
.870758 2528 5000 .505600
.897969 2787 5000 .557400
.925180 2986 5000 .597200
.952392 3149 5000 .629800
.979603 3335 5000 .667000
1.006814 3500 5000 .700000
1.034025 3608 5000 .721600
1.061236 3745 5000 .749000
1.088448 3869 5000 .773800
1.115659 3972 5000 .794400
1.142870 4074 5000 .814800
1.170081 4162 5000 .832400
1.197292 4231 5000 .846200
1.224504 4309 5000 .861800
1.251715 4344 4999 .868973
1.278926 4393 4999 .878775
1.306137 4431 4999 .886377
1.333348 4462 5000 .892400
1.360560 4497 5000 .899400
1.387771 4523 5000 .904600
1.414982 4560 5000 .912000
1.442193 4596 5000 .919200
1.469404 4647 4998 .929771
1.496616 4657 4999 .931586
1.523827 4674 4999 .934986
1.551038 4703 4999 .940788
1.578249 4715 4999 .943188
1.605460 4713 5000 .942600
1.632672 4729 4997 .946367
