.027211 0 0 0
.054422 0 0 0
.081633 0 10000 0
.108844 0 10000 0
.136056 0 10000 0
.163267 0 10000 0
.190478 0 10000 0
.217689 0 10000 0
.244900 0 10000 0
.272112 0 10000 0
.299323 0 10000 0
.326534 0 10000 0
.353745 0 10000 0
.380956 0 10000 0
.408168 0 10000 0
.435379 0 10000 0
.462590 0 10000 0
.489801 3 10000 .000300
.517012 15 10000 .001500
.544224 53 10000 .005300
.571435 121 10000 .012100
.598646 178 10000 .017800
.625857 315 10000 .031500
.653068 485 10000 .048500
.680280 706 10000 .070600
.707491 981 10000 .098100
.734702 1288 10000 .128800
.761913 1596 10000 .159600
.789124 1923 10000 .192300
.816336 2299 10000 .229900
.843547 2735 10000 .273500
.870758 3160 10000 .316000
.897969 3501 10000 .350100
.925180 3956 10000 .395600
.952392 4373 10000 .437300
.979603 4699 10000 .469900
1.006814 5065 10000 .506500
1.034025 5395 10000 .539500
1.061236 5695 10000 .569500
1.088448 5989 10000 .598900
1.115659 6262 10000 .626200
1.142870 6549 10000 .654900
1.170081 6799 10000 .679900
1.197292 7019 10000 .701900
1.224504 7248 10000 .724800
1.251715 7447 10000 .744700
1.278926 7594 10000 .759400
1.306137 7755 9999 .775577
1.333348 7917 9999 .791779
1.360560 8062 9997 .806441
1.387771 8195 9998 .819663
1.414982 8279 9999 .827982
1.442193 8390 9998 .839167
1.469404 8494 9998 .849569
1.496616 8559 9999 .855985
1.523827 8662 9999 .866286
1.551038 8724 10000 .872400
1.578249 8814 10000 .881400
1.605460 8878 10000 .887800
1.632672 8960 10000 .896000
