.027211 0 5000 0
.054422 0 5000 0
.081633 0 5000 0
.108844 0 5000 0
.136056 0 5000 0
.163267 0 5000 0
.190478 0 5000 0
.217689 0 5000 0
.244900 0 5000 0
.272112 0 5000 0
.299323 0 5000 0
.326534 0 5000 0
.353745 0 5000 0
.380956 0 5000 0
.408168 0 5000 0
.435379 0 5000 0
.462590 0 5000 0
.489801 0 5000 0
.517012 0 5000 0
.544224 14 5000 .002800
.571435 68 5000 .013600
.598646 168 5000 .033600
.625857 335 5000 .067000
.653068 576 5000 .115200
.680280 835 5000 .167000
.707491 1101 5000 .220200
.734702 1428 5000 .285600
.761913 1718 5000 .343600
.789124 2040 5000 .408000
.816336 2300 5000 .460000
.843547 2540 5000 .508000
.870758 2784 5000 .556800
.897969 3005 5000 .601000
.925180 3219 5000 .643800
.952392 3426 5000 .685200
.979603 3624 5000 .724800
1.006814 3806 5000 .761200
1.034025 3945 5000 .789000
1.061236 4056 5000 .811200
1.088448 4157 5000 .831400
1.115659 4235 5000 .847000
1.142870 4283 5000 .856600
1.170081 4361 5000 .872200
1.197292 4406 5000 .881200
1.224504 4483 5000 .896600
1.251715 4526 4999 .905381
1.278926 4533 5000 .906600
1.306137 4564 5000 .912800
1.333348 4592 5000 .918400
1.360560 4625 4999 .925185
1.387771 4665 5000 .933000
1.414982 4679 5000 .935800
1.442193 4699 5000 .939800
1.469404 4713 5000 .942600
1.496616 4729 5000 .945800
1.523827 4714 5000 .942800
1.551038 4739 5000 .947800
1.578249 4751 4999 .950390
1.605460 4767 4999 .953590
1.632672 4788 5000 .957600
