.027211 0 0 0 
.054422 0 0 0
.081633 0 0 0
.108844 0 10000 0
.136056 0 10000 0
.163267 0 10000 0
.190478 0 10000 0
.217689 0 10000 0
.244900 0 10000 0
.272112 0 10000 0
.299323 0 10000 0
.326534 0 10000 0
.353745 0 10000 0
.380956 0 10000 0
.408168 0 10000 0
.435379 0 10000 0
.462590 0 10000 0
.489801 0 10000 0
.517012 1 10000 .000100
.544224 10 10000 .001000
.571435 36 10000 .003600
.598646 90 10000 .009000
.625857 152 10000 .015200
.653068 283 10000 .028300
.680280 474 10000 .047400
.707491 667 10000 .066700
.734702 929 10000 .092900
.761913 1178 10000 .117800
.789124 1527 10000 .152700
.816336 1867 10000 .186700
.843547 2248 10000 .224800
.870758 2627 10000 .262700
.897969 2995 10000 .299500
.925180 3401 10000 .340100
.952392 3779 10000 .377900
.979603 4158 10000 .415800
1.006814 4579 10000 .457900
1.034025 4930 10000 .493000
1.061236 5250 10000 .525000
1.088448 5571 10000 .557100
1.115659 5846 10000 .584600
1.142870 6178 10000 .617800
1.170081 6442 10000 .644200
1.197292 6697 10000 .669700
1.224504 6915 10000 .691500
1.251715 7110 10000 .711000
1.278926 7284 10000 .728400
1.306137 7515 10000 .751500
1.333348 7683 10000 .768300
1.360560 7865 9995 .786893
1.387771 8017 9989 .802582
1.414982 8157 9994 .816189
1.442193 8285 9999 .828582
1.469404 8402 9995 .840620
1.496616 8474 9994 .847908
1.523827 8566 9994 .857114
1.551038 8677 9996 .868047
1.578249 8777 9997 .877963
1.605460 8896 9997 .889866
1.632672 8958 9997 .896068
