.027211 0 0  0 
.054422 0 0  0
.081633 0 10000 0
.108844 0 10000 0
.136056 0 10000 0
.163267 0 10000 0
.190478 0 10000 0
.217689 0 10000 0
.244900 0 10000 0
.272112 0 10000 0
.299323 0 10000 0
.326534 0 10000 0
.353745 0 10000 0
.380956 0 10000 0
.408168 0 10000 0
.435379 0 10000 0
.462590 0 10000 0
.489801 1 10000 .000100
.517012 27 10000 .002700
.544224 64 10000 .006400
.571435 132 10000 .013200
.598646 213 10000 .021300
.625857 355 10000 .035500
.653068 511 10000 .051100
.680280 752 10000 .075200
.707491 1029 10000 .102900
.734702 1356 10000 .135600
.761913 1727 10000 .172700
.789124 2070 10000 .207000
.816336 2484 10000 .248400
.843547 2889 10000 .288900
.870758 3283 10000 .328300
.897969 3709 10000 .370900
.925180 4204 10000 .420400
.952392 4658 10000 .465800
.979603 5097 10000 .509700
1.006814 5472 10000 .547200
1.034025 5796 10000 .579600
1.061236 6097 10000 .609700
1.088448 6406 10000 .640600
1.115659 6719 10000 .671900
1.142870 6951 10000 .695100
1.170081 7223 10000 .722300
1.197292 7452 10000 .745200
1.224504 7636 10000 .763600
1.251715 7822 9999 .782278
1.278926 7920 9999 .792079
1.306137 8062 9996 .806522
1.333348 8188 9999 .818881
1.360560 8297 9996 .830032
1.387771 8382 9998 .838367
1.414982 8528 9998 .852970
1.442193 8613 9998 .861472
1.469404 8703 9998 .870474
1.496616 8779 9998 .878075
1.523827 8850 9998 .885177
1.551038 8905 9997 .890767
1.578249 8965 9999 .896589
1.605460 9031 9998 .903280
1.632672 9104 9999 .910491
