.027211 0 10000 0
.054422 0 10000 0
.081633 0 10000 0
.108844 0 10000 0
.136056 0 10000 0
.163267 0 10000 0
.190478 0 10000 0
.217689 0 10000 0
.244900 0 10000 0
.272112 0 10000 0
.299323 0 10000 0
.326534 0 10000 0
.353745 0 10000 0
.380956 0 10000 0
.408168 0 10000 0
.435379 0 10000 0
.462590 0 10000 0
.489801 0 10000 0
.517012 16 10000 .001600
.544224 62 10000 .006200
.571435 146 10000 .014600
.598646 274 10000 .027400
.625857 454 10000 .045400
.653068 760 10000 .076000
.680280 1093 10000 .109300
.707491 1507 10000 .150700
.734702 1972 10000 .197200
.761913 2402 10000 .240200
.789124 2878 10000 .287800
.816336 3305 10000 .330500
.843547 3791 10000 .379100
.870758 4226 10000 .422600
.897969 4684 10000 .468400
.925180 5125 10000 .512500
.952392 5577 10000 .557700
.979603 5993 10000 .599300
1.006814 6408 10000 .640800
1.034025 6693 10000 .669300
1.061236 6987 10000 .698700
1.088448 7246 10000 .724600
1.115659 7486 10000 .748600
1.142870 7680 10000 .768000
1.170081 7872 10000 .787200
1.197292 8026 9998 .802760
1.224504 8196 9999 .819681
1.251715 8320 10000 .832000
1.278926 8419 10000 .841900
1.306137 8560 9997 .856256
1.333348 8656 9999 .865686
1.360560 8725 10000 .872500
1.387771 8795 9999 .879587
1.414982 8871 9999 .887188
1.442193 8946 9999 .894689
1.469404 9056 9999 .905690
1.496616 9106 9997 .910873
1.523827 9170 9998 .917183
1.551038 9214 9998 .921584
1.578249 9250 10000 .925000
1.605460 9308 10000 .930800
1.632672 9333 9999 .933393
