.027211 0 0 0 
.054422 0 0 0
.081633 0 0 0
.108844 0 0 0
.136056 0 0 0
.163267 0 0 0
.190478 0 0 0
.217689 0 0 0
.244900 0 0 0
.272112 0 0 0
.299323 0 0 0
.326534 0 0 0
.353745 0 0 0
.380956 0 10000 0
.408168 0 10000 0
.435379 0 10000 0
.462590 0 10000 0
.489801 0 10000 0
.517012 7 10000 .000700
.544224 23 10000 .002300
.571435 57 10000 .005700
.598646 117 10000 .011700
.625857 208 10000 .020800
.653068 365 10000 .036500
.680280 563 10000 .056300
.707491 756 10000 .075600
.734702 1063 10000 .106300
.761913 1362 10000 .136200
.789124 1652 10000 .165200
.816336 2007 10000 .200700
.843547 2383 10000 .238300
.870758 2796 10000 .279600
.897969 3176 10000 .317600
.925180 3597 10000 .359700
.952392 4008 10000 .400800
.979603 4427 10000 .442700
1.006814 4781 10000 .478100
1.034025 5108 10000 .510800
1.061236 5446 10000 .544600
1.088448 5791 10000 .579100
1.115659 6113 10000 .611300
1.142870 6401 10000 .640100
1.170081 6667 10000 .666700
1.197292 6948 10000 .694800
1.224504 7158 10000 .715800
1.251715 7355 10000 .735500
1.278926 7511 10000 .751100
1.306137 7721 9998 .772254
1.333348 7871 9995 .787493
1.360560 8017 9998 .801860
1.387771 8171 9996 .817426
1.414982 8282 9997 .828448
1.442193 8394 9999 .839483
1.469404 8490 9996 .849339
1.496616 8581 9999 .858185
1.523827 8657 9998 .865873
1.551038 8764 9998 .876575
1.578249 8830 9999 .883088
1.605460 8897 9999 .889788
1.632672 8936 9999 .893689
