.027211 0 0 0 
.054422 0 0 0
.081633 0 10000 0
.108844 0 10000 0
.136056 0 10000 0
.163267 0 10000 0
.190478 0 10000 0
.217689 0 10000 0
.244900 0 10000 0
.272112 0 10000 0
.299323 0 10000 0
.326534 0 10000 0
.353745 0 10000 0
.380956 0 10000 0
.408168 0 10000 0
.435379 0 10000 0
.462590 0 10000 0
.489801 0 10000 0
.517012 1 10000 .000100
.544224 36 10000 .003600
.571435 132 10000 .013200
.598646 290 10000 .029000
.625857 530 10000 .053000
.653068 889 10000 .088900
.680280 1302 10000 .130200
.707491 1752 10000 .175200
.734702 2266 10000 .226600
.761913 2812 10000 .281200
.789124 3326 10000 .332600
.816336 3861 10000 .386100
.843547 4423 10000 .442300
.870758 4886 10000 .488600
.897969 5369 10000 .536900
.925180 5791 10000 .579100
.952392 6253 10000 .625300
.979603 6617 10000 .661700
1.006814 6918 10000 .691800
1.034025 7224 10000 .722400
1.061236 7528 10000 .752800
1.088448 7714 10000 .771400
1.115659 7936 10000 .793600
1.142870 8103 9999 .810381
1.170081 8245 10000 .824500
1.197292 8412 10000 .841200
1.224504 8529 10000 .852900
1.251715 8636 10000 .863600
1.278926 8735 10000 .873500
1.306137 8832 9999 .883288
1.333348 8911 10000 .891100
1.360560 8990 9999 .899089
1.387771 9061 9998 .906281
1.414982 9139 9998 .914082
1.442193 9199 9998 .920084
1.469404 9238 9997 .924077
1.496616 9262 9997 .926477
1.523827 9311 9998 .931286
1.551038 9358 9999 .935893
1.578249 9404 9998 .940588
1.605460 9429 9997 .943182
1.632672 9461 9998 .946289
