.027211 0 0     0
.054422 0 0     0
.081633 0 10000 0
.108844 0 10000 0
.136056 0 10000 0
.163267 0 10000 0
.190478 0 10000 0
.217689 0 10000 0
.244900 0 10000 0
.272112 0 10000 0
.299323 0 10000 0
.326534 0 10000 0
.353745 0 10000 0
.380956 0 10000 0
.408168 0 10000 0
.435379 0 10000 0
.462590 0 10000 0
.489801 0 10000 0
.517012 1 10000 .000100
.544224 12 10000 .001200
.571435 36 10000 .003600
.598646 69 10000 .006900
.625857 117 10000 .011700
.653068 202 10000 .020200
.680280 366 10000 .036600
.707491 514 10000 .051400
.734702 791 10000 .079100
.761913 1026 10000 .102600
.789124 1372 10000 .137200
.816336 1693 10000 .169300
.843547 2051 10000 .205100
.870758 2427 10000 .242700
.897969 2854 10000 .285400
.925180 3251 10000 .325100
.952392 3689 10000 .368900
.979603 4127 10000 .412700
1.006814 4507 10000 .450700
1.034025 4864 10000 .486400
1.061236 5222 10000 .522200
1.088448 5548 10000 .554800
1.115659 5836 10000 .583600
1.142870 6161 10000 .616100
1.170081 6463 10000 .646300
1.197292 6728 9999 .672867
1.224504 6998 9999 .699869
1.251715 7265 9999 .726572
1.278926 7437 9998 .743848
1.306137 7611 9986 .762167
1.333348 7775 9985 .778668
1.360560 7930 9987 .794032
1.387771 8047 9989 .805586
1.414982 8172 9996 .817527
1.442193 8295 9997 .829748
1.469404 8418 9994 .842305
1.496616 8529 9994 .853412
1.523827 8628 9995 .863231
1.551038 8721 9991 .872885
1.578249 8806 9996 .880952
1.605460 8916 9998 .891778
1.632672 8994 9999 .899489
