.027211 0 5000 0
.054422 0 5000 0
.081633 0 5000 0
.108844 0 5000 0
.136056 0 5000 0
.163267 0 5000 0
.190478 0 5000 0
.217689 0 5000 0
.244900 0 5000 0
.272112 0 5000 0
.299323 0 5000 0
.326534 0 5000 0
.353745 0 5000 0
.380956 0 5000 0
.408168 0 5000 0
.435379 0 5000 0
.462590 0 5000 0
.489801 0 5000 0
.517012 2 5000 .000400
.544224 13 5000 .002600
.571435 76 5000 .015200
.598646 207 5000 .041400
.625857 421 5000 .084200
.653068 682 5000 .136400
.680280 992 5000 .198400
.707491 1345 5000 .269000
.734702 1686 5000 .337200
.761913 2022 5000 .404400
.789124 2343 5000 .468600
.816336 2655 5000 .531000
.843547 2958 5000 .591600
.870758 3216 5000 .643200
.897969 3428 5000 .685600
.925180 3629 5000 .725800
.952392 3831 5000 .766200
.979603 3980 5000 .796000
1.006814 4105 5000 .821000
1.034025 4179 5000 .835800
1.061236 4310 5000 .862000
1.088448 4341 5000 .868200
1.115659 4431 5000 .886200
1.142870 4487 5000 .897400
1.170081 4508 5000 .901600
1.197292 4560 5000 .912000
1.224504 4574 5000 .914800
1.251715 4593 5000 .918600
1.278926 4628 5000 .925600
1.306137 4656 5000 .931200
1.333348 4684 5000 .936800
1.360560 4714 5000 .942800
1.387771 4727 5000 .945400
1.414982 4754 5000 .950800
1.442193 4765 5000 .953000
1.469404 4767 4999 .953590
1.496616 4785 5000 .957000
1.523827 4798 5000 .959600
1.551038 4805 4998 .961384
1.578249 4820 4998 .964385
1.605460 4828 4997 .966179
1.632672 4852 4999 .970594
