.027211 0 0 0  
.054422 0 0 0
.081633 0 10000 0
.108844 0 10000 0
.136056 0 10000 0
.163267 0 10000 0
.190478 0 10000 0
.217689 0 10000 0
.244900 0 10000 0
.272112 0 10000 0
.299323 0 10000 0
.326534 0 10000 0
.353745 0 10000 0
.380956 0 10000 0
.408168 0 10000 0
.435379 0 10000 0
.462590 0 10000 0
.489801 1 10000 .000100
.517012 14 10000 .001400
.544224 56 10000 .005600
.571435 131 10000 .013100
.598646 225 10000 .022500
.625857 368 10000 .036800
.653068 578 10000 .057800
.680280 846 10000 .084600
.707491 1177 10000 .117700
.734702 1538 10000 .153800
.761913 1968 10000 .196800
.789124 2422 10000 .242200
.816336 2858 10000 .285800
.843547 3317 10000 .331700
.870758 3785 10000 .378500
.897969 4227 10000 .422700
.925180 4670 10000 .467000
.952392 5134 10000 .513400
.979603 5543 10000 .554300
1.006814 5934 10000 .593400
1.034025 6277 10000 .627700
1.061236 6563 10000 .656300
1.088448 6881 10000 .688100
1.115659 7135 10000 .713500
1.142870 7398 10000 .739800
1.170081 7617 10000 .761700
1.197292 7790 10000 .779000
1.224504 7929 10000 .792900
1.251715 8082 9999 .808280
1.278926 8190 9998 .819163
1.306137 8310 9995 .831415
1.333348 8451 9999 .845184
1.360560 8559 9996 .856242
1.387771 8648 9998 .864972
1.414982 8760 9999 .876087
1.442193 8841 9996 .884453
1.469404 8899 9997 .890167
1.496616 8966 9996 .896958
1.523827 9021 9996 .902460
1.551038 9088 9998 .908981
1.578249 9140 9995 .914457
1.605460 9178 9998 .917983
1.632672 9225 9998 .922684
