.027211 0 0 0 
.054422 0 0 0
.081633 0 10000 0
.108844 0 10000 0
.136056 0 10000 0
.163267 0 10000 0
.190478 0 10000 0
.217689 0 10000 0
.244900 0 10000 0
.272112 0 10000 0
.299323 0 10000 0
.326534 0 10000 0
.353745 0 10000 0
.380956 0 10000 0
.408168 0 10000 0
.435379 0 10000 0
.462590 0 10000 0
.489801 0 10000 0
.517012 0 10000 0
.544224 0 10000 0
.571435 12 10000 .001200
.598646 37 10000 .003700
.625857 71 10000 .007100
.653068 166 10000 .016600
.680280 300 10000 .030000
.707491 456 10000 .045600
.734702 726 10000 .072600
.761913 986 10000 .098600
.789124 1265 10000 .126500
.816336 1544 10000 .154400
.843547 1882 10000 .188200
.870758 2309 10000 .230900
.897969 2650 10000 .265000
.925180 3072 10000 .307200
.952392 3459 10000 .345900
.979603 3893 10000 .389300
1.006814 4282 10000 .428200
1.034025 4653 10000 .465300
1.061236 5029 10000 .502900
1.088448 5403 10000 .540300
1.115659 5669 10000 .566900
1.142870 6000 10000 .600000
1.170081 6257 10000 .625700
1.197292 6543 10000 .654300
1.224504 6783 10000 .678300
1.251715 7029 10000 .702900
1.278926 7234 10000 .723400
1.306137 7438 9994 .744246
1.333348 7642 9992 .764811
1.360560 7792 9974 .781231
1.387771 7958 9988 .796756
1.414982 8112 9989 .812093
1.442193 8239 9987 .824972
1.469404 8350 9991 .835752
1.496616 8455 9995 .845922
1.523827 8555 9997 .855756
1.551038 8666 9994 .867120
1.578249 8740 9991 .874787
1.605460 8828 9995 .883241
1.632672 8934 9995 .893846
