.027211 0 0 0 
.054422 0 0 0
.081633 0 10000 0
.108844 0 10000 0
.136056 0 10000 0
.163267 0 10000 0
.190478 0 10000 0
.217689 0 10000 0
.244900 0 10000 0
.272112 0 10000 0
.299323 0 10000 0
.326534 0 10000 0
.353745 0 10000 0
.380956 0 10000 0
.408168 0 10000 0
.435379 0 10000 0
.462590 0 10000 0
.489801 1 10000 .000100
.517012 10 10000 .001000
.544224 39 10000 .003900
.571435 78 10000 .007800
.598646 138 10000 .013800
.625857 233 10000 .023300
.653068 357 10000 .035700
.680280 529 10000 .052900
.707491 756 10000 .075600
.734702 1037 10000 .103700
.761913 1349 10000 .134900
.789124 1748 10000 .174800
.816336 2116 10000 .211600
.843547 2521 10000 .252100
.870758 2941 10000 .294100
.897969 3375 10000 .337500
.925180 3816 10000 .381600
.952392 4255 10000 .425500
.979603 4674 10000 .467400
1.006814 5087 10000 .508700
1.034025 5455 10000 .545500
1.061236 5802 10000 .580200
1.088448 6172 10000 .617200
1.115659 6430 10000 .643000
1.142870 6739 10000 .673900
1.170081 7015 10000 .701500
1.197292 7258 10000 .725800
1.224504 7482 10000 .748200
1.251715 7658 9999 .765876
1.278926 7801 9997 .780334
1.306137 7899 9989 .790769
1.333348 8071 9986 .808231
1.360560 8193 9993 .819873
1.387771 8313 9996 .831632
1.414982 8401 9997 .840352
1.442193 8486 9993 .849194
1.469404 8589 9992 .859587
1.496616 8658 9991 .866579
1.523827 8759 9993 .876513
1.551038 8863 9997 .886565
1.578249 8933 9997 .893568
1.605460 8985 9998 .898679
1.632672 9048 9998 .904980
