.027211 0 0   0 
.054422 0 0   0
.081633 0 10000 0
.108844 0 10000 0
.136056 0 10000 0
.163267 0 10000 0
.190478 0 10000 0
.217689 0 10000 0
.244900 0 10000 0
.272112 0 10000 0
.299323 0 10000 0
.326534 0 10000 0
.353745 0 10000 0
.380956 0 10000 0
.408168 0 10000 0
.435379 0 10000 0
.462590 0 10000 0
.489801 0 10000 0
.517012 0 10000 0
.544224 1 10000 .000100
.571435 14 10000 .001400
.598646 40 10000 .004000
.625857 71 10000 .007100
.653068 146 10000 .014600
.680280 251 10000 .025100
.707491 399 10000 .039900
.734702 642 10000 .064200
.761913 885 10000 .088500
.789124 1156 10000 .115600
.816336 1482 10000 .148200
.843547 1868 10000 .186800
.870758 2224 10000 .222400
.897969 2585 10000 .258500
.925180 3005 10000 .300500
.952392 3495 10000 .349500
.979603 3906 10000 .390600
1.006814 4327 10000 .432700
1.034025 4694 10000 .469400
1.061236 5080 10000 .508000
1.088448 5501 10000 .550100
1.115659 5853 10000 .585300
1.142870 6173 10000 .617300
1.170081 6474 10000 .647400
1.197292 6742 10000 .674200
1.224504 7002 10000 .700200
1.251715 7228 9999 .722872
1.278926 7434 9995 .743771
1.306137 7603 9980 .761823
1.333348 7763 9981 .777777
1.360560 7924 9974 .794465
1.387771 8096 9984 .810897
1.414982 8221 9986 .823252
1.442193 8330 9991 .833750
1.469404 8457 9991 .846461
1.496616 8560 9992 .856685
1.523827 8627 9992 .863390
1.551038 8707 9996 .871048
1.578249 8825 9994 .883029
1.605460 8906 9992 .891313
1.632672 8973 9997 .897569
