.027211 0 5000 0
.054422 0 5000 0
.081633 0 5000 0
.108844 0 5000 0
.136056 0 5000 0
.163267 0 5000 0
.190478 0 5000 0
.217689 0 5000 0
.244900 0 5000 0
.272112 0 5000 0
.299323 0 5000 0
.326534 0 5000 0
.353745 0 5000 0
.380956 0 5000 0
.408168 0 5000 0
.435379 0 5000 0
.462590 0 5000 0
.489801 0 5000 0
.517012 7 5000 .001400
.544224 59 5000 .011800
.571435 152 5000 .030400
.598646 341 5000 .068200
.625857 626 5000 .125200
.653068 937 5000 .187400
.680280 1282 5000 .256400
.707491 1619 5000 .323800
.734702 2000 5000 .400000
.761913 2309 5000 .461800
.789124 2636 5000 .527200
.816336 2928 5000 .585600
.843547 3171 5000 .634200
.870758 3411 5000 .682200
.897969 3646 5000 .729200
.925180 3826 5000 .765200
.952392 4017 5000 .803400
.979603 4130 4999 .826165
1.006814 4234 5000 .846800
1.034025 4333 5000 .866600
1.061236 4397 4999 .879575
1.088448 4470 5000 .894000
1.115659 4537 5000 .907400
1.142870 4582 5000 .916400
1.170081 4607 4999 .921584
1.197292 4655 5000 .931000
1.224504 4680 5000 .936000
1.251715 4693 5000 .938600
1.278926 4716 5000 .943200
1.306137 4760 5000 .952000
1.333348 4784 5000 .956800
1.360560 4792 4999 .958591
1.387771 4796 4999 .959391
1.414982 4819 5000 .963800
1.442193 4823 5000 .964600
1.469404 4845 5000 .969000
1.496616 4849 4999 .969993
1.523827 4856 5000 .971200
1.551038 4872 5000 .974400
1.578249 4876 5000 .975200
1.605460 4877 4999 .975595
1.632672 4874 4998 .975190
