.027211 0 0 0  
.054422 0 0 0
.081633 0 10000 0
.108844 0 10000 0
.136056 0 10000 0
.163267 0 10000 0
.190478 0 10000 0
.217689 0 10000 0
.244900 0 10000 0
.272112 0 10000 0
.299323 0 10000 0
.326534 0 10000 0
.353745 0 10000 0
.380956 0 10000 0
.408168 0 10000 0
.435379 0 10000 0
.462590 0 10000 0
.489801 0 10000 0
.517012 2 10000 .000200
.544224 12 10000 .001200
.571435 41 10000 .004100
.598646 89 10000 .008900
.625857 168 10000 .016800
.653068 274 10000 .027400
.680280 417 10000 .041700
.707491 615 10000 .061500
.734702 867 10000 .086700
.761913 1154 10000 .115400
.789124 1492 10000 .149200
.816336 1858 10000 .185800
.843547 2288 10000 .228800
.870758 2682 10000 .268200
.897969 3084 10000 .308400
.925180 3551 10000 .355100
.952392 3993 10000 .399300
.979603 4418 10000 .441800
1.006814 4821 10000 .482100
1.034025 5175 10000 .517500
1.061236 5563 10000 .556300
1.088448 5925 10000 .592500
1.115659 6300 10000 .630000
1.142870 6600 10000 .660000
1.170081 6857 10000 .685700
1.197292 7102 10000 .710200
1.224504 7319 10000 .731900
1.251715 7469 9999 .746974
1.278926 7659 9990 .766666
1.306137 7804 9983 .781728
1.333348 7947 9984 .795973
1.360560 8106 9990 .811411
1.387771 8213 9993 .821875
1.414982 8279 9988 .828894
1.442193 8415 9993 .842089
1.469404 8499 9993 .850495
1.496616 8597 9993 .860302
1.523827 8693 9995 .869734
1.551038 8784 9995 .878839
1.578249 8860 9995 .886443
1.605460 8932 9991 .894004
1.632672 9003 9994 .900840
