.027211 0 0 0 
.054422 0 0 0
.081633 0 10000 0
.108844 0 10000 0
.136056 0 10000 0
.163267 0 10000 0
.190478 0 10000 0
.217689 0 10000 0
.244900 0 10000 0
.272112 0 10000 0
.299323 0 10000 0
.326534 0 10000 0
.353745 0 10000 0
.380956 0 10000 0
.408168 0 10000 0
.435379 0 10000 0
.462590 0 10000 0
.489801 0 10000 0
.517012 1 10000 .000100
.544224 42 10000 .004200
.571435 176 10000 .017600
.598646 460 10000 .046000
.625857 836 10000 .083600
.653068 1299 10000 .129900
.680280 1725 10000 .172500
.707491 2212 10000 .221200
.734702 2753 10000 .275300
.761913 3252 10000 .325200
.789124 3863 10000 .386300
.816336 4411 10000 .441100
.843547 4932 10000 .493200
.870758 5390 10000 .539000
.897969 5905 10000 .590500
.925180 6324 10000 .632400
.952392 6700 10000 .670000
.979603 7085 10000 .708500
1.006814 7390 10000 .739000
1.034025 7638 10000 .763800
1.061236 7907 10000 .790700
1.088448 8127 10000 .812700
1.115659 8267 10000 .826700
1.142870 8427 10000 .842700
1.170081 8548 10000 .854800
1.197292 8670 9999 .867086
1.224504 8777 9999 .877787
1.251715 8875 10000 .887500
1.278926 8967 9996 .897058
1.306137 9051 9998 .905281
1.333348 9166 9999 .916691
1.360560 9201 9998 .920284
1.387771 9257 9998 .925885
1.414982 9318 10000 .931800
1.442193 9362 9999 .936293
1.469404 9405 9998 .940688
1.496616 9445 9998 .944688
1.523827 9475 10000 .947500
1.551038 9488 9998 .948989
1.578249 9499 9998 .950090
1.605460 9539 9996 .954281
1.632672 9553 9998 .955491
