.027211 0 0 0 
.054422 0 0 0
.081633 0 0 0
.108844 0 10000 0
.136056 0 10000 0
.163267 0 10000 0
.190478 0 10000 0
.217689 0 10000 0
.244900 0 10000 0
.272112 0 10000 0
.299323 0 10000 0
.326534 0 10000 0
.353745 0 10000 0
.380956 0 10000 0
.408168 0 10000 0
.435379 0 10000 0
.462590 0 10000 0
.489801 0 10000 0
.517012 0 10000 0
.544224 0 10000 0
.571435 4 10000 .000400
.598646 28 10000 .002800
.625857 45 10000 .004500
.653068 105 10000 .010500
.680280 211 10000 .021100
.707491 373 10000 .037300
.734702 591 10000 .059100
.761913 845 10000 .084500
.789124 1077 10000 .107700
.816336 1392 10000 .139200
.843547 1732 10000 .173200
.870758 2075 10000 .207500
.897969 2456 10000 .245600
.925180 2878 10000 .287800
.952392 3314 10000 .331400
.979603 3746 10000 .374600
1.006814 4123 10000 .412300
1.034025 4554 10000 .455400
1.061236 4928 10000 .492800
1.088448 5362 10000 .536200
1.115659 5676 10000 .567600
1.142870 5978 10000 .597800
1.170081 6304 10000 .630400
1.197292 6597 10000 .659700
1.224504 6881 10000 .688100
1.251715 7111 9999 .711171
1.278926 7301 9993 .730611
1.306137 7538 9979 .755386
1.333348 7697 9971 .771938
1.360560 7874 9974 .789452
1.387771 8039 9981 .805430
1.414982 8163 9983 .817690
1.442193 8285 9984 .829827
1.469404 8400 9991 .840756
1.496616 8494 9988 .850420
1.523827 8577 9987 .858816
1.551038 8668 9992 .867493
1.578249 8782 9993 .878815
1.605460 8873 9998 .887477
1.632672 8928 9996 .893157
