.027211 0 0  0 
.054422 0 0  0
.081633 0 10000 0
.108844 0 10000 0
.136056 0 10000 0
.163267 0 10000 0
.190478 0 10000 0
.217689 0 10000 0
.244900 0 10000 0
.272112 0 10000 0
.299323 0 10000 0
.326534 0 10000 0
.353745 0 10000 0
.380956 0 10000 0
.408168 0 10000 0
.435379 0 10000 0
.462590 0 10000 0
.489801 0 10000 0
.517012 7 10000 .000700
.544224 47 10000 .004700
.571435 149 10000 .014900
.598646 289 10000 .028900
.625857 494 10000 .049400
.653068 813 10000 .081300
.680280 1135 10000 .113500
.707491 1504 10000 .150400
.734702 1907 10000 .190700
.761913 2360 10000 .236000
.789124 2903 10000 .290300
.816336 3377 10000 .337700
.843547 3799 10000 .379900
.870758 4277 10000 .427700
.897969 4677 10000 .467700
.925180 5137 10000 .513700
.952392 5637 10000 .563700
.979603 6076 10000 .607600
1.006814 6438 10000 .643800
1.034025 6784 10000 .678400
1.061236 7064 10000 .706400
1.088448 7384 10000 .738400
1.115659 7639 10000 .763900
1.142870 7814 10000 .781400
1.170081 7988 10000 .798800
1.197292 8115 9999 .811581
1.224504 8254 9999 .825482
1.251715 8354 9996 .835734
1.278926 8442 9995 .844622
1.306137 8549 9996 .855242
1.333348 8686 9998 .868773
1.360560 8795 9999 .879587
1.387771 8880 9996 .888355
1.414982 8941 9999 .894189
1.442193 9021 10000 .902100
1.469404 9075 9998 .907681
1.496616 9115 9997 .911773
1.523827 9180 9996 .918367
1.551038 9226 9997 .922876
1.578249 9260 9997 .926277
1.605460 9277 9994 .928256
1.632672 9347 9998 .934886
