.027211 0 0 0 
.054422 0 0 0
.081633 0 10000 0
.108844 0 10000 0
.136056 0 10000 0
.163267 0 10000 0
.190478 0 10000 0
.217689 0 10000 0
.244900 0 10000 0
.272112 0 10000 0
.299323 0 10000 0
.326534 0 10000 0
.353745 0 10000 0
.380956 0 10000 0
.408168 0 10000 0
.435379 0 10000 0
.462590 0 10000 0
.489801 1 10000 .000100
.517012 9 10000 .000900
.544224 37 10000 .003700
.571435 94 10000 .009400
.598646 190 10000 .019000
.625857 307 10000 .030700
.653068 478 10000 .047800
.680280 686 10000 .068600
.707491 1008 10000 .100800
.734702 1313 10000 .131300
.761913 1670 10000 .167000
.789124 2063 10000 .206300
.816336 2493 10000 .249300
.843547 2949 10000 .294900
.870758 3356 10000 .335600
.897969 3762 10000 .376200
.925180 4216 10000 .421600
.952392 4710 10000 .471000
.979603 5223 10000 .522300
1.006814 5590 10000 .559000
1.034025 5967 10000 .596700
1.061236 6309 10000 .630900
1.088448 6634 10000 .663400
1.115659 6907 10000 .690700
1.142870 7152 9999 .715271
1.170081 7385 9999 .738573
1.197292 7565 9999 .756575
1.224504 7748 9998 .774954
1.251715 7891 9997 .789336
1.278926 8005 9990 .801301
1.306137 8136 9987 .814659
1.333348 8269 9994 .827396
1.360560 8380 9998 .838167
1.387771 8472 9996 .847539
1.414982 8560 9997 .856256
1.442193 8665 9997 .866760
1.469404 8751 9996 .875450
1.496616 8801 9998 .880276
1.523827 8901 9995 .890545
1.551038 8981 9994 .898639
1.578249 9023 9991 .903112
1.605460 9050 9993 .905633
1.632672 9114 9996 .911764
