.027211 0 0 0 
.054422 0 0 0
.081633 0 10000 0
.108844 0 10000 0
.136056 0 10000 0
.163267 0 10000 0
.190478 0 10000 0
.217689 0 10000 0
.244900 0 10000 0
.272112 0 10000 0
.299323 0 10000 0
.326534 0 10000 0
.353745 0 10000 0
.380956 0 10000 0
.408168 0 10000 0
.435379 0 10000 0
.462590 0 10000 0
.489801 1 10000 .000100
.517012 5 10000 .000500
.544224 23 10000 .002300
.571435 67 10000 .006700
.598646 144 10000 .014400
.625857 271 10000 .027100
.653068 481 10000 .048100
.680280 748 10000 .074800
.707491 1039 10000 .103900
.734702 1387 10000 .138700
.761913 1736 10000 .173600
.789124 2137 10000 .213700
.816336 2492 10000 .249200
.843547 2868 10000 .286800
.870758 3298 10000 .329800
.897969 3713 10000 .371300
.925180 4166 10000 .416600
.952392 4701 10000 .470100
.979603 5155 10000 .515500
1.006814 5539 10000 .553900
1.034025 5948 10000 .594800
1.061236 6340 9999 .634063
1.088448 6651 9999 .665166
1.115659 6901 9998 .690238
1.142870 7124 9999 .712471
1.170081 7345 9998 .734646
1.197292 7531 9995 .753476
1.224504 7681 9994 .768561
1.251715 7828 9987 .783818
1.278926 8016 9984 .802884
1.306137 8117 9983 .813082
1.333348 8223 9990 .823123
1.360560 8349 9986 .836070
1.387771 8448 9985 .846069
1.414982 8556 9991 .856370
1.442193 8624 9991 .863176
1.469404 8734 9996 .873749
1.496616 8789 9994 .879427
1.523827 8860 9996 .886354
1.551038 8958 9997 .896068
1.578249 9022 9996 .902561
1.605460 9074 9994 .907944
1.632672 9133 9994 .913848
