.027211 0 0 0
.054422 0 0 0
.081633 0 10000 0
.108844 0 10000 0
.136056 0 10000 0
.163267 0 10000 0
.190478 0 10000 0
.217689 0 10000 0
.244900 0 10000 0
.272112 0 10000 0
.299323 0 10000 0
.326534 0 10000 0
.353745 0 10000 0
.380956 0 10000 0
.408168 0 10000 0
.435379 0 10000 0
.462590 0 10000 0
.489801 0 10000 0
.517012 3 10000 .000300
.544224 7 10000 .000700
.571435 24 10000 .002400
.598646 64 10000 .006400
.625857 135 10000 .013500
.653068 267 10000 .026700
.680280 450 10000 .045000
.707491 658 10000 .065800
.734702 932 10000 .093200
.761913 1255 10000 .125500
.789124 1597 10000 .159700
.816336 1977 10000 .197700
.843547 2297 10000 .229700
.870758 2695 10000 .269500
.897969 3084 10000 .308400
.925180 3511 10000 .351100
.952392 3971 10000 .397100
.979603 4469 10000 .446900
1.006814 4936 10000 .493600
1.034025 5360 10000 .536000
1.061236 5726 10000 .572600
1.088448 6067 10000 .606700
1.115659 6399 10000 .639900
1.142870 6700 9999 .670067
1.170081 6967 10000 .696700
1.197292 7175 9995 .717858
1.224504 7374 9993 .737916
1.251715 7562 9988 .757108
1.278926 7728 9979 .774426
1.306137 7866 9980 .788176
1.333348 8015 9978 .803267
1.360560 8119 9977 .813771
1.387771 8237 9982 .825185
1.414982 8357 9990 .836536
1.442193 8468 9990 .847647
1.469404 8568 9986 .858001
1.496616 8659 9987 .867027
1.523827 8726 9991 .873386
1.551038 8806 9995 .881040
1.578249 8866 9989 .887576
1.605460 8956 9989 .896586
1.632672 9028 9995 .903251
