.027211 0 0 0 
.054422 0 0 0
.081633 0 10000 0
.108844 0 10000 0
.136056 0 10000 0
.163267 0 10000 0
.190478 0 10000 0
.217689 0 10000 0
.244900 0 10000 0
.272112 0 10000 0
.299323 0 10000 0
.326534 0 10000 0
.353745 0 10000 0
.380956 0 10000 0
.408168 0 10000 0
.435379 0 10000 0
.462590 0 10000 0
.489801 2 10000 .000200
.517012 29 10000 .002900
.544224 167 10000 .016700
.571435 429 10000 .042900
.598646 797 10000 .079700
.625857 1351 10000 .135100
.653068 1929 10000 .192900
.680280 2542 10000 .254200
.707491 3115 10000 .311500
.734702 3660 10000 .366000
.761913 4280 10000 .428000
.789124 4799 10000 .479900
.816336 5300 10000 .530000
.843547 5739 10000 .573900
.870758 6236 10000 .623600
.897969 6665 10000 .666500
.925180 7101 10000 .710100
.952392 7448 10000 .744800
.979603 7756 10000 .775600
1.006814 7950 9999 .795079
1.034025 8142 10000 .814200
1.061236 8320 9999 .832083
1.088448 8480 10000 .848000
1.115659 8609 10000 .860900
1.142870 8753 10000 .875300
1.170081 8877 10000 .887700
1.197292 8975 9998 .897679
1.224504 9032 9999 .903290
1.251715 9098 9997 .910073
1.278926 9154 9999 .915491
1.306137 9185 10000 .918500
1.333348 9268 10000 .926800
1.360560 9339 9995 .934367
1.387771 9392 10000 .939200
1.414982 9440 9999 .944094
1.442193 9478 10000 .947800
1.469404 9503 9998 .950490
1.496616 9524 9998 .952590
1.523827 9564 9998 .956591
1.551038 9601 9999 .960196
1.578249 9627 9998 .962892
1.605460 9658 9998 .965993
1.632672 9668 9999 .966896
