.027211 0 5000 0
.054422 0 5000 0
.081633 0 5000 0
.108844 0 5000 0
.136056 0 5000 0
.163267 0 5000 0
.190478 0 5000 0
.217689 0 5000 0
.244900 0 5000 0
.272112 0 5000 0
.299323 0 5000 0
.326534 0 5000 0
.353745 0 5000 0
.380956 0 5000 0
.408168 0 5000 0
.435379 0 5000 0
.462590 0 5000 0
.489801 10 5000 .002000
.517012 44 5000 .008800
.544224 162 5000 .032400
.571435 351 5000 .070200
.598646 674 5000 .134800
.625857 1070 5000 .214000
.653068 1491 5000 .298200
.680280 1864 5000 .372800
.707491 2233 5000 .446600
.734702 2598 5000 .519600
.761913 2872 5000 .574400
.789124 3114 5000 .622800
.816336 3373 5000 .674600
.843547 3590 5000 .718000
.870758 3768 5000 .753600
.897969 3978 5000 .795600
.925180 4130 5000 .826000
.952392 4245 5000 .849000
.979603 4323 5000 .864600
1.006814 4382 5000 .876400
1.034025 4458 5000 .891600
1.061236 4546 4998 .909563
1.088448 4600 4999 .920184
1.115659 4637 5000 .927400
1.142870 4653 4999 .930786
1.170081 4700 5000 .940000
1.197292 4727 5000 .945400
1.224504 4737 4999 .947589
1.251715 4749 5000 .949800
1.278926 4756 5000 .951200
1.306137 4787 5000 .957400
1.333348 4801 5000 .960200
1.360560 4834 4999 .966993
1.387771 4856 5000 .971200
1.414982 4862 4999 .972594
1.442193 4872 5000 .974400
1.469404 4867 4999 .973594
1.496616 4872 4999 .974594
1.523827 4883 4999 .976795
1.551038 4887 5000 .977400
1.578249 4892 4997 .978987
1.605460 4914 5000 .982800
1.632672 4920 4999 .984196
