.027211 0 0 0 
.054422 0 0 0
.081633 0 10000 0
.108844 0 10000 0
.136056 0 10000 0
.163267 0 10000 0
.190478 0 10000 0
.217689 0 10000 0
.244900 0 10000 0
.272112 0 10000 0
.299323 0 10000 0
.326534 0 10000 0
.353745 0 10000 0
.380956 0 10000 0
.408168 0 10000 0
.435379 0 10000 0
.462590 0 10000 0
.489801 0 10000 0
.517012 0 10000 0
.544224 2 10000 .000200
.571435 14 10000 .001400
.598646 31 10000 .003100
.625857 65 10000 .006500
.653068 131 10000 .013100
.680280 241 10000 .024100
.707491 418 10000 .041800
.734702 634 10000 .063400
.761913 875 10000 .087500
.789124 1156 10000 .115600
.816336 1480 10000 .148000
.843547 1825 10000 .182500
.870758 2232 10000 .223200
.897969 2598 10000 .259800
.925180 3020 10000 .302000
.952392 3434 10000 .343400
.979603 3925 10000 .392500
1.006814 4359 10000 .435900
1.034025 4777 10000 .477700
1.061236 5242 10000 .524200
1.088448 5595 10000 .559500
1.115659 5929 10000 .592900
1.142870 6269 10000 .626900
1.170081 6551 9999 .655165
1.197292 6841 9996 .684373
1.224504 7091 9990 .709809
1.251715 7320 9982 .733319
1.278926 7532 9981 .754633
1.306137 7690 9965 .771700
1.333348 7828 9976 .784683
1.360560 7971 9970 .799498
1.387771 8088 9970 .811233
1.414982 8233 9978 .825115
1.442193 8351 9989 .836019
1.469404 8505 9980 .852204
1.496616 8586 9989 .859545
1.523827 8678 9989 .868755
1.551038 8786 9994 .879127
1.578249 8854 9992 .886108
1.605460 8913 9990 .892192
1.632672 8963 9990 .897197
