.027211 0 0 0 
.054422 0 0 0
.081633 0 10000 0
.108844 0 10000 0
.136056 0 10000 0
.163267 0 10000 0
.190478 0 10000 0
.217689 0 10000 0
.244900 0 10000 0
.272112 0 10000 0
.299323 0 10000 0
.326534 0 10000 0
.353745 0 10000 0
.380956 0 10000 0
.408168 0 10000 0
.435379 0 10000 0
.462590 0 10000 0
.489801 0 10000 0
.517012 15 10000 .001500
.544224 102 10000 .010200
.571435 275 10000 .027500
.598646 513 10000 .051300
.625857 884 10000 .088400
.653068 1275 10000 .127500
.680280 1714 10000 .171400
.707491 2254 10000 .225400
.734702 2718 10000 .271800
.761913 3225 10000 .322500
.789124 3688 10000 .368800
.816336 4175 10000 .417500
.843547 4606 10000 .460600
.870758 5075 10000 .507500
.897969 5516 10000 .551600
.925180 5952 10000 .595200
.952392 6423 10000 .642300
.979603 6841 10000 .684100
1.006814 7139 10000 .713900
1.034025 7375 10000 .737500
1.061236 7617 10000 .761700
1.088448 7811 9997 .781334
1.115659 7993 9998 .799459
1.142870 8175 9999 .817581
1.170081 8285 10000 .828500
1.197292 8417 9999 .841784
1.224504 8572 9998 .857371
1.251715 8652 9996 .865546
1.278926 8749 9995 .875337
1.306137 8860 9994 .886531
1.333348 8941 9997 .894368
1.360560 9015 9998 .901680
1.387771 9070 9998 .907181
1.414982 9124 9998 .912582
1.442193 9191 9995 .919559
1.469404 9227 9992 .923438
1.496616 9281 9997 .928378
1.523827 9304 9997 .930679
1.551038 9350 9996 .935374
1.578249 9421 9996 .942476
1.605460 9434 9995 .943871
1.632672 9477 9997 .947984
