.027211 0 0 0 
.054422 0 0 0
.081633 0 10000 0
.108844 0 10000 0
.136056 0 10000 0
.163267 0 10000 0
.190478 0 10000 0
.217689 0 10000 0
.244900 0 10000 0
.272112 0 10000 0
.299323 0 10000 0
.326534 0 10000 0
.353745 0 10000 0
.380956 0 10000 0
.408168 0 10000 0
.435379 0 10000 0
.462590 0 10000 0
.489801 0 10000 0
.517012 12 10000 .001200
.544224 49 10000 .004900
.571435 150 10000 .015000
.598646 302 10000 .030200
.625857 538 10000 .053800
.653068 839 10000 .083900
.680280 1165 10000 .116500
.707491 1556 10000 .155600
.734702 1981 10000 .198100
.761913 2436 10000 .243600
.789124 2858 10000 .285800
.816336 3282 10000 .328200
.843547 3691 10000 .369100
.870758 4131 10000 .413100
.897969 4535 10000 .453500
.925180 5012 10000 .501200
.952392 5545 10000 .554500
.979603 5961 10000 .596100
1.006814 6302 10000 .630200
1.034025 6659 10000 .665900
1.061236 6889 9998 .689037
1.088448 7152 9999 .715271
1.115659 7384 9999 .738473
1.142870 7616 10000 .761600
1.170081 7814 10000 .781400
1.197292 7939 9997 .794138
1.224504 8075 9993 .808065
1.251715 8217 9990 .822522
1.278926 8350 9996 .835334
1.306137 8445 9986 .845683
1.333348 8586 9998 .858771
1.360560 8685 9994 .869021
1.387771 8741 9996 .874449
1.414982 8781 9996 .878451
1.442193 8890 9995 .889444
1.469404 8942 9994 .894736
1.496616 9004 9994 .900940
1.523827 9059 9996 .906262
1.551038 9132 9997 .913474
1.578249 9178 9994 .918351
1.605460 9228 9995 .923261
1.632672 9272 9996 .927571
