.027211 0 0 0 
.054422 0 0 0
.081633 0 10000 0
.108844 0 10000 0
.136056 0 10000 0
.163267 0 10000 0
.190478 0 10000 0
.217689 0 10000 0
.244900 0 10000 0
.272112 0 10000 0
.299323 0 10000 0
.326534 0 10000 0
.353745 0 10000 0
.380956 0 10000 0
.408168 0 10000 0
.435379 0 10000 0
.462590 0 10000 0
.489801 0 10000 0
.517012 0 10000 0
.544224 2 10000 .000200
.571435 13 10000 .001300
.598646 41 10000 .004100
.625857 85 10000 .008500
.653068 173 10000 .017300
.680280 299 10000 .029900
.707491 483 10000 .048300
.734702 715 10000 .071500
.761913 982 10000 .098200
.789124 1291 10000 .129100
.816336 1599 10000 .159900
.843547 1946 10000 .194600
.870758 2345 10000 .234500
.897969 2730 10000 .273000
.925180 3113 10000 .311300
.952392 3556 10000 .355600
.979603 4034 10000 .403400
1.006814 4529 10000 .452900
1.034025 4970 10000 .497000
1.061236 5322 10000 .532200
1.088448 5708 10000 .570800
1.115659 6060 10000 .606000
1.142870 6372 10000 .637200
1.170081 6647 10000 .664700
1.197292 6933 9996 .693577
1.224504 7168 9993 .717302
1.251715 7387 9984 .739883
1.278926 7557 9982 .757062
1.306137 7740 9973 .776095
1.333348 7873 9976 .789194
1.360560 7984 9964 .801284
1.387771 8124 9973 .814599
1.414982 8248 9982 .826287
1.442193 8382 9990 .839039
1.469404 8501 9985 .851377
1.496616 8590 9987 .860118
1.523827 8683 9989 .869256
1.551038 8771 9991 .877890
1.578249 8836 9990 .884484
1.605460 8903 9993 .890923
1.632672 8966 9990 .897497
