.027211 0 0 0 
.054422 0 0 0
.081633 0 0 0
.108844 0 10000 0
.136056 0 10000 0
.163267 0 10000 0
.190478 0 10000 0
.217689 0 10000 0
.244900 0 10000 0
.272112 0 10000 0
.299323 0 10000 0
.326534 0 10000 0
.353745 0 10000 0
.380956 0 10000 0
.408168 0 10000 0
.435379 0 10000 0
.462590 0 10000 0
.489801 0 10000 0
.517012 2 10000 .000200
.544224 10 10000 .001000
.571435 25 10000 .002500
.598646 76 10000 .007600
.625857 150 10000 .015000
.653068 264 10000 .026400
.680280 413 10000 .041300
.707491 604 10000 .060400
.734702 886 10000 .088600
.761913 1181 10000 .118100
.789124 1505 10000 .150500
.816336 1928 10000 .192800
.843547 2286 10000 .228600
.870758 2712 10000 .271200
.897969 3106 10000 .310600
.925180 3576 10000 .357600
.952392 4001 10000 .400100
.979603 4508 10000 .450800
1.006814 4992 10000 .499200
1.034025 5375 9999 .537553
1.061236 5798 10000 .579800
1.088448 6134 10000 .613400
1.115659 6435 9998 .643628
1.142870 6691 9996 .669367
1.170081 6933 9998 .693438
1.197292 7145 9983 .715716
1.224504 7365 9976 .738271
1.251715 7576 9971 .759803
1.278926 7711 9967 .773653
1.306137 7883 9967 .790910
1.333348 8038 9954 .807514
1.360560 8198 9965 .822679
1.387771 8318 9968 .834470
1.414982 8441 9975 .846215
1.442193 8551 9986 .856298
1.469404 8640 9984 .865384
1.496616 8755 9988 .876551
1.523827 8871 9987 .888254
1.551038 8917 9987 .892860
1.578249 8985 9995 .898949
1.605460 9065 9994 .907044
1.632672 9069 9983 .908444
