.027211 0 0 0 
.054422 0 0 0
.081633 0 0 0
.108844 0 10000 0
.136056 0 10000 0
.163267 0 10000 0
.190478 0 10000 0
.217689 0 10000 0
.244900 0 10000 0
.272112 0 10000 0
.299323 0 10000 0
.326534 0 10000 0
.353745 0 10000 0
.380956 0 10000 0
.408168 0 10000 0
.435379 0 10000 0
.462590 0 10000 0
.489801 18 10000 .001800
.517012 84 10000 .008400
.544224 209 10000 .020900
.571435 434 10000 .043400
.598646 723 10000 .072300
.625857 1026 10000 .102600
.653068 1372 10000 .137200
.680280 1789 10000 .178900
.707491 2287 10000 .228700
.734702 2767 10000 .276700
.761913 3250 10000 .325000
.789124 3738 10000 .373800
.816336 4211 10000 .421100
.843547 4706 10000 .470600
.870758 5212 10000 .521200
.897969 5622 10000 .562200
.925180 6038 10000 .603800
.952392 6429 9998 .643028
.979603 6788 9998 .678935
1.006814 7068 9996 .707082
1.034025 7315 9999 .731573
1.061236 7483 9998 .748449
1.088448 7663 10000 .766300
1.115659 7820 9999 .782078
1.142870 7993 9996 .799619
1.170081 8146 9996 .814925
1.197292 8248 9990 .825625
1.224504 8377 9984 .839042
1.251715 8498 9992 .850480
1.278926 8620 9990 .862862
1.306137 8719 9997 .872161
1.333348 8797 9998 .879875
1.360560 8889 9997 .889166
1.387771 8921 9993 .892724
1.414982 9022 9997 .902470
1.442193 9105 9996 .910864
1.469404 9132 9996 .913565
1.496616 9172 9997 .917475
1.523827 9250 9999 .925092
1.551038 9275 10000 .927500
1.578249 9302 9997 .930479
1.605460 9355 9994 .936061
1.632672 9375 9983 .939096
