.027211 0 0 0 
.054422 0 0 0
.081633 0 0 0
.108844 0 10000 0
.136056 0 10000 0
.163267 0 10000 0
.190478 0 10000 0
.217689 0 10000 0
.244900 0 10000 0
.272112 0 10000 0
.299323 0 10000 0
.326534 0 10000 0
.353745 0 10000 0
.380956 0 10000 0
.408168 0 10000 0
.435379 1 10000 .000100
.462590 6 10000 .000600
.489801 58 10000 .005800
.517012 257 10000 .025700
.544224 597 10000 .059700
.571435 1112 10000 .111200
.598646 1679 10000 .167900
.625857 2277 10000 .227700
.653068 2912 10000 .291200
.680280 3516 10000 .351600
.707491 4121 10000 .412100
.734702 4775 10000 .477500
.761913 5310 10000 .531000
.789124 5884 10000 .588400
.816336 6310 10000 .631000
.843547 6738 10000 .673800
.870758 7179 10000 .717900
.897969 7636 10000 .763600
.925180 7922 10000 .792200
.952392 8184 10000 .818400
.979603 8365 10000 .836500
1.006814 8533 10000 .853300
1.034025 8662 10000 .866200
1.061236 8748 9999 .874887
1.088448 8846 9999 .884688
1.115659 8941 10000 .894100
1.142870 9045 9999 .904590
1.170081 9136 9998 .913782
1.197292 9196 9998 .919783
1.224504 9254 9998 .925585
1.251715 9331 9998 .933286
1.278926 9371 9996 .937474
1.306137 9422 9999 .942294
1.333348 9449 9997 .945183
1.360560 9465 10000 .946500
1.387771 9536 9998 .953790
1.414982 9565 9998 .956691
1.442193 9613 9999 .961396
1.469404 9636 9996 .963985
1.496616 9644 9996 .964785
1.523827 9655 9998 .965693
1.551038 9682 9996 .968587
1.578249 9696 9999 .969696
1.605460 9714 9997 .971691
1.632672 9704 9996 .970788
