.027211 0 5000 0
.054422 0 5000 0
.081633 0 5000 0
.108844 0 5000 0
.136056 0 5000 0
.163267 0 5000 0
.190478 0 5000 0
.217689 0 5000 0
.244900 0 5000 0
.272112 0 5000 0
.299323 0 5000 0
.326534 0 5000 0
.353745 0 5000 0
.380956 0 5000 0
.408168 0 5000 0
.435379 3 5000 .000600
.462590 24 5000 .004800
.489801 97 5000 .019400
.517012 288 5000 .057600
.544224 563 5000 .112600
.571435 911 5000 .182200
.598646 1298 5000 .259600
.625857 1726 5000 .345200
.653068 2131 5000 .426200
.680280 2467 5000 .493400
.707491 2815 5000 .563000
.734702 3129 5000 .625800
.761913 3416 5000 .683200
.789124 3635 5000 .727000
.816336 3803 5000 .760600
.843547 4006 5000 .801200
.870758 4206 5000 .841200
.897969 4373 5000 .874600
.925180 4462 5000 .892400
.952392 4507 5000 .901400
.979603 4560 5000 .912000
1.006814 4605 5000 .921000
1.034025 4631 4998 .926570
1.061236 4654 4999 .930986
1.088448 4678 4998 .935974
1.115659 4704 4998 .941176
1.142870 4740 4995 .948948
1.170081 4770 4999 .954190
1.197292 4779 4997 .956373
1.224504 4788 5000 .957600
1.251715 4807 5000 .961400
1.278926 4820 5000 .964000
1.306137 4832 4997 .966980
1.333348 4850 4999 .970194
1.360560 4864 4998 .973189
1.387771 4886 4999 .977395
1.414982 4899 4999 .979995
1.442193 4917 4999 .983596
1.469404 4903 4999 .980796
1.496616 4920 4999 .984196
1.523827 4925 4999 .985197
1.551038 4935 4999 .987197
1.578249 4941 4999 .988397
1.605460 4938 4999 .987797
1.632672 4934 4999 .986997
