.027211 0 0 0 
.054422 0 0 0
.081633 0 0 0
.108844 0 10000 0
.136056 0 10000 0
.163267 0 10000 0
.190478 0 10000 0
.217689 0 10000 0
.244900 0 10000 0
.272112 0 10000 0
.299323 0 10000 0
.326534 0 10000 0
.353745 0 10000 0
.380956 0 10000 0
.408168 0 10000 0
.435379 0 10000 0
.462590 0 10000 0
.489801 0 10000 0
.517012 5 10000 .000500
.544224 16 10000 .001600
.571435 60 10000 .006000
.598646 128 10000 .012800
.625857 239 10000 .023900
.653068 401 10000 .040100
.680280 575 10000 .057500
.707491 823 10000 .082300
.734702 1150 10000 .115000
.761913 1500 10000 .150000
.789124 1816 10000 .181600
.816336 2225 10000 .222500
.843547 2634 10000 .263400
.870758 3048 10000 .304800
.897969 3510 10000 .351000
.925180 3948 10000 .394800
.952392 4423 9999 .442344
.979603 4920 10000 .492000
1.006814 5331 9998 .533206
1.034025 5709 9999 .570957
1.061236 6108 10000 .610800
1.088448 6398 10000 .639800
1.115659 6629 9999 .662966
1.142870 6850 9997 .685205
1.170081 7085 9994 .708925
1.197292 7308 9987 .731751
1.224504 7508 9977 .752530
1.251715 7686 9970 .770912
1.278926 7882 9977 .790017
1.306137 8007 9972 .802948
1.333348 8119 9969 .814424
1.360560 8264 9978 .828222
1.387771 8397 9989 .840624
1.414982 8480 9983 .849444
1.442193 8568 9990 .857657
1.469404 8669 9990 .867767
1.496616 8778 9994 .878326
1.523827 8861 9990 .886986
1.551038 8935 9992 .894215
1.578249 8974 9994 .897938
1.605460 9029 9994 .903442
1.632672 9075 9986 .908772
