.027211 0 0 0 
.054422 0 0 0
.081633 0 0 0
.108844 0 10000 0
.136056 0 10000 0
.163267 0 10000 0
.190478 0 10000 0
.217689 0 10000 0
.244900 0 10000 0
.272112 0 10000 0
.299323 0 10000 0
.326534 0 10000 0
.353745 0 10000 0
.380956 0 10000 0
.408168 0 10000 0
.435379 0 10000 0
.462590 1 10000 .000100
.489801 10 10000 .001000
.517012 57 10000 .005700
.544224 125 10000 .012500
.571435 237 10000 .023700
.598646 446 10000 .044600
.625857 695 10000 .069500
.653068 927 10000 .092700
.680280 1256 10000 .125600
.707491 1624 10000 .162400
.734702 2079 10000 .207900
.761913 2484 10000 .248400
.789124 2938 10000 .293800
.816336 3392 10000 .339200
.843547 3854 10000 .385400
.870758 4327 10000 .432700
.897969 4834 10000 .483400
.925180 5247 10000 .524700
.952392 5684 9999 .568456
.979603 6133 9998 .613422
1.006814 6436 10000 .643600
1.034025 6715 9999 .671567
1.061236 6983 9999 .698369
1.088448 7213 9996 .721588
1.115659 7369 9999 .736973
1.142870 7554 9994 .755853
1.170081 7721 9994 .772563
1.197292 7868 9991 .787508
1.224504 7973 9985 .798497
1.251715 8111 9982 .812562
1.278926 8240 9989 .824907
1.306137 8377 9991 .838454
1.333348 8460 9989 .846931
1.360560 8571 9995 .857528
1.387771 8665 9996 .866846
1.414982 8757 9994 .876225
1.442193 8844 9994 .884930
1.469404 8924 9996 .892757
1.496616 8989 9994 .899439
1.523827 9064 9996 .906762
1.551038 9106 9998 .910782
1.578249 9153 9996 .915666
1.605460 9181 9988 .919203
1.632672 9230 9986 .924294
