.027211 0 0 0 
.054422 0 0 0
.081633 0 0 0
.108844 0 10000 0
.136056 0 10000 0
.163267 0 10000 0
.190478 0 10000 0
.217689 0 10000 0
.244900 0 10000 0
.272112 0 10000 0
.299323 0 10000 0
.326534 0 10000 0
.353745 0 10000 0
.380956 0 10000 0
.408168 0 10000 0
.435379 0 10000 0
.462590 0 10000 0
.489801 0 10000 0
.517012 1 10000 .000100
.544224 7 10000 .000700
.571435 28 10000 .002800
.598646 62 10000 .006200
.625857 128 10000 .012800
.653068 232 10000 .023200
.680280 387 10000 .038700
.707491 559 10000 .055900
.734702 822 10000 .082200
.761913 1072 10000 .107200
.789124 1400 10000 .140000
.816336 1781 10000 .178100
.843547 2140 10000 .214000
.870758 2584 10000 .258400
.897969 2973 10000 .297300
.925180 3421 10000 .342100
.952392 3938 10000 .393800
.979603 4382 10000 .438200
1.006814 4801 10000 .480100
1.034025 5206 10000 .520600
1.061236 5630 9999 .563056
1.088448 6013 10000 .601300
1.115659 6357 10000 .635700
1.142870 6584 9998 .658531
1.170081 6830 9990 .683683
1.197292 7056 9980 .707014
1.224504 7282 9969 .730464
1.251715 7518 9967 .754289
1.278926 7716 9960 .774698
1.306137 7835 9954 .787120
1.333348 8022 9958 .805583
1.360560 8138 9957 .817314
1.387771 8267 9961 .829936
1.414982 8407 9974 .842891
1.442193 8520 9978 .853878
1.469404 8647 9990 .865565
1.496616 8771 9992 .877802
1.523827 8870 9995 .887443
1.551038 8925 9993 .893125
1.578249 9017 9995 .902151
1.605460 9084 9998 .908581
1.632672 9088 9989 .909800
