.027211 0 0 0 
.054422 0 0 0
.081633 0 0 0
.108844 0 10000 0
.136056 0 10000 0
.163267 0 10000 0
.190478 0 10000 0
.217689 0 10000 0
.244900 0 10000 0
.272112 0 10000 0
.299323 0 10000 0
.326534 0 10000 0
.353745 0 10000 0
.380956 0 10000 0
.408168 0 10000 0
.435379 0 10000 0
.462590 0 10000 0
.489801 3 10000 .000300
.517012 23 10000 .002300
.544224 59 10000 .005900
.571435 120 10000 .012000
.598646 235 10000 .023500
.625857 416 10000 .041600
.653068 602 10000 .060200
.680280 861 10000 .086100
.707491 1160 10000 .116000
.734702 1509 10000 .150900
.761913 1902 10000 .190200
.789124 2309 10000 .230900
.816336 2728 10000 .272800
.843547 3192 10000 .319200
.870758 3574 10000 .357400
.897969 4063 10000 .406300
.925180 4518 10000 .451800
.952392 4966 10000 .496600
.979603 5437 9999 .543754
1.006814 5845 9999 .584558
1.034025 6176 10000 .617600
1.061236 6478 9998 .647929
1.088448 6743 9998 .674434
1.115659 6974 9995 .697748
1.142870 7150 9992 .715572
1.170081 7356 9993 .736115
1.197292 7537 9985 .754832
1.224504 7695 9977 .771273
1.251715 7864 9979 .788054
1.278926 8015 9978 .803267
1.306137 8150 9979 .816715
1.333348 8283 9979 .830043
1.360560 8399 9991 .840656
1.387771 8488 9991 .849564
1.414982 8554 9993 .855999
1.442193 8643 9994 .864818
1.469404 8739 9993 .874512
1.496616 8830 9992 .883706
1.523827 8924 9996 .892757
1.551038 8974 9995 .897848
1.578249 9024 9998 .902580
1.605460 9073 9990 .908208
1.632672 9127 9991 .913522
