.027211 0 0 0 
.054422 0 0 0
.081633 0 0 0
.108844 0 10000 0
.136056 0 10000 0
.163267 0 10000 0
.190478 0 10000 0
.217689 0 10000 0
.244900 0 10000 0
.272112 0 10000 0
.299323 0 10000 0
.326534 0 10000 0
.353745 0 10000 0
.380956 0 10000 0
.408168 0 10000 0
.435379 0 10000 0
.462590 2 10000 .000200
.489801 22 10000 .002200
.517012 142 10000 .014200
.544224 364 10000 .036400
.571435 698 10000 .069800
.598646 1106 10000 .110600
.625857 1575 10000 .157500
.653068 2028 10000 .202800
.680280 2513 10000 .251300
.707491 3087 10000 .308700
.734702 3632 10000 .363200
.761913 4126 10000 .412600
.789124 4774 10000 .477400
.816336 5254 10000 .525400
.843547 5701 10000 .570100
.870758 6114 10000 .611400
.897969 6576 10000 .657600
.925180 6944 9999 .694469
.952392 7324 9999 .732473
.979603 7599 10000 .759900
1.006814 7812 10000 .781200
1.034025 7991 10000 .799100
1.061236 8138 9999 .813881
1.088448 8275 9998 .827665
1.115659 8435 9998 .843668
1.142870 8525 9997 .852755
1.170081 8626 9997 .862858
1.197292 8737 9997 .873962
1.224504 8818 9995 .882241
1.251715 8912 9998 .891378
1.278926 9009 9994 .901440
1.306137 9076 9999 .907690
1.333348 9123 9999 .912391
1.360560 9191 9998 .919283
1.387771 9239 9995 .924362
1.414982 9309 9996 .931272
1.442193 9359 9998 .936087
1.469404 9395 9998 .939687
1.496616 9444 9999 .944494
1.523827 9461 9999 .946194
1.551038 9494 9998 .949589
1.578249 9522 9999 .952295
1.605460 9529 9996 .953281
1.632672 9548 9991 .955660
