.027211 0 0 0 
.054422 0 0 0
.081633 0 0 0
.108844 0 10000 0
.136056 0 10000 0
.163267 0 10000 0
.190478 0 10000 0
.217689 0 10000 0
.244900 0 10000 0
.272112 0 10000 0
.299323 0 10000 0
.326534 0 10000 0
.353745 0 10000 0
.380956 0 10000 0
.408168 0 10000 0
.435379 3 10000 .000300
.462590 32 10000 .003200
.489801 158 10000 .015800
.517012 379 10000 .037900
.544224 733 10000 .073300
.571435 1111 10000 .111100
.598646 1538 10000 .153800
.625857 1993 10000 .199300
.653068 2458 10000 .245800
.680280 2943 10000 .294300
.707491 3441 10000 .344100
.734702 3952 10000 .395200
.761913 4451 10000 .445100
.789124 4917 10000 .491700
.816336 5346 10000 .534600
.843547 5842 10000 .584200
.870758 6296 10000 .629600
.897969 6712 9998 .671334
.925180 7071 9997 .707312
.952392 7313 9998 .731446
.979603 7537 9999 .753775
1.006814 7805 10000 .780500
1.034025 7957 10000 .795700
1.061236 8065 9999 .806580
1.088448 8225 9999 .822582
1.115659 8352 9992 .835868
1.142870 8487 9990 .849549
1.170081 8579 9986 .859102
1.197292 8686 9993 .869208
1.224504 8762 9983 .877692
1.251715 8843 9996 .884653
1.278926 8941 9997 .894368
1.306137 9024 9996 .902761
1.333348 9047 9997 .904971
1.360560 9128 9992 .913530
1.387771 9201 9990 .921021
1.414982 9213 9996 .921668
1.442193 9268 9995 .927263
1.469404 9290 9992 .929743
1.496616 9367 9996 .937074
1.523827 9412 9997 .941482
1.551038 9442 9992 .944955
1.578249 9466 9995 .947073
1.605460 9478 9987 .949033
1.632672 9479 9973 .950466
