.027211 0 0 0 
.054422 0 0 0
.081633 0 0 0
.108844 0 10000 0
.136056 0 10000 0
.163267 0 10000 0
.190478 0 10000 0
.217689 0 10000 0
.244900 0 10000 0
.272112 0 10000 0
.299323 0 10000 0
.326534 0 10000 0
.353745 0 10000 0
.380956 0 10000 0
.408168 0 10000 0
.435379 8 10000 .000800
.462590 70 10000 .007000
.489801 282 10000 .028200
.517012 625 10000 .062500
.544224 1114 10000 .111400
.571435 1643 10000 .164300
.598646 2201 10000 .220100
.625857 2746 10000 .274600
.653068 3288 10000 .328800
.680280 3833 10000 .383300
.707491 4422 10000 .442200
.734702 4935 10000 .493500
.761913 5467 10000 .546700
.789124 5915 10000 .591500
.816336 6342 10000 .634200
.843547 6755 10000 .675500
.870758 7150 9998 .715143
.897969 7522 10000 .752200
.925180 7804 9998 .780556
.952392 8003 10000 .800300
.979603 8172 9999 .817281
1.006814 8343 10000 .834300
1.034025 8476 9999 .847684
1.061236 8600 9999 .860086
1.088448 8721 9998 .872274
1.115659 8830 9994 .883530
1.142870 8916 9994 .892135
1.170081 9017 9999 .901790
1.197292 9052 9991 .906015
1.224504 9131 10000 .913100
1.251715 9203 9992 .921036
1.278926 9284 9998 .928585
1.306137 9312 9998 .931386
1.333348 9343 9997 .934580
1.360560 9380 9995 .938469
1.387771 9410 9990 .941941
1.414982 9444 9995 .944872
1.442193 9483 9997 .948584
1.469404 9517 9999 .951795
1.496616 9558 9996 .956182
1.523827 9596 9995 .960080
1.551038 9607 9995 .961180
1.578249 9643 9997 .964589
1.605460 9649 9991 .965769
1.632672 9653 9978 .967428
