.027211 0 0 0 
.054422 0 0 0
.081633 0 0 0
.108844 0 10000 0
.136056 0 10000 0
.163267 0 10000 0
.190478 0 10000 0
.217689 0 10000 0
.244900 0 10000 0
.272112 0 10000 0
.299323 0 10000 0
.326534 0 10000 0
.353745 0 10000 0
.380956 0 10000 0
.408168 3 10000 .000300
.435379 36 10000 .003600
.462590 180 10000 .018000
.489801 516 10000 .051600
.517012 1031 10000 .103100
.544224 1707 10000 .170700
.571435 2387 10000 .238700
.598646 3085 10000 .308500
.625857 3743 10000 .374300
.653068 4422 10000 .442200
.680280 5062 10000 .506200
.707491 5627 10000 .562700
.734702 6103 10000 .610300
.761913 6528 10000 .652800
.789124 6928 10000 .692800
.816336 7309 10000 .730900
.843547 7695 10000 .769500
.870758 8075 9999 .807580
.897969 8341 10000 .834100
.925180 8521 9999 .852185
.952392 8657 10000 .865700
.979603 8809 9999 .880988
1.006814 8951 9999 .895189
1.034025 9033 10000 .903300
1.061236 9117 9997 .911973
1.088448 9180 10000 .918000
1.115659 9274 9998 .927585
1.142870 9381 9997 .938381
1.170081 9427 9997 .942982
1.197292 9468 9996 .947178
1.224504 9514 9999 .951495
1.251715 9533 9999 .953395
1.278926 9569 9998 .957091
1.306137 9580 9999 .958095
1.333348 9592 9997 .959487
1.360560 9613 9998 .961492
1.387771 9641 10000 .964100
1.414982 9669 9998 .967093
1.442193 9704 10000 .970400
1.469404 9724 9999 .972497
1.496616 9756 9998 .975795
1.523827 9762 9997 .976492
1.551038 9759 9998 .976095
1.578249 9757 9996 .976090
1.605460 9769 9998 .977095
1.632672 9777 9986 .979070
