.027211 0 0 0 
.054422 0 0 0
.081633 0 0 0
.108844 0 10000 0
.136056 0 10000 0
.163267 0 10000 0
.190478 0 10000 0
.217689 0 10000 0
.244900 0 10000 0
.272112 0 10000 0
.299323 0 10000 0
.326534 0 10000 0
.353745 0 10000 0
.380956 0 10000 0
.408168 0 10000 0
.435379 1 10000 .000100
.462590 7 10000 .000700
.489801 34 10000 .003400
.517012 108 10000 .010800
.544224 241 10000 .024100
.571435 443 10000 .044300
.598646 673 10000 .067300
.625857 984 10000 .098400
.653068 1318 10000 .131800
.680280 1674 10000 .167400
.707491 2104 10000 .210400
.734702 2528 10000 .252800
.761913 3011 10000 .301100
.789124 3433 10000 .343300
.816336 3839 10000 .383900
.843547 4321 10000 .432100
.870758 4799 10000 .479900
.897969 5230 9999 .523052
.925180 5654 9999 .565456
.952392 6071 9996 .607342
.979603 6378 9995 .638119
1.006814 6679 9998 .668033
1.034025 6931 9998 .693238
1.061236 7145 9996 .714785
1.088448 7362 9994 .736641
1.115659 7533 9990 .754054
1.142870 7683 9984 .769531
1.170081 7830 9987 .784019
1.197292 7943 9983 .795652
1.224504 8092 9984 .810496
1.251715 8254 9972 .827717
1.278926 8381 9980 .839779
1.306137 8490 9986 .850190
1.333348 8593 9979 .861108
1.360560 8685 9984 .869891
1.387771 8772 9986 .878429
1.414982 8833 9992 .884007
1.442193 8900 9995 .890445
1.469404 8975 9996 .897859
1.496616 9027 9992 .903422
1.523827 9066 9996 .906962
1.551038 9127 9992 .913430
1.578249 9188 9992 .919535
1.605460 9216 9981 .923354
1.632672 9259 9969 .928779
