.027211 0 0 0 
.054422 0 0 0
.081633 0 0 0
.108844 0 10000 0
.136056 0 10000 0
.163267 0 10000 0
.190478 0 10000 0
.217689 0 10000 0
.244900 0 10000 0
.272112 0 10000 0
.299323 0 10000 0
.326534 0 10000 0
.353745 0 10000 0
.380956 0 10000 0
.408168 0 10000 0
.435379 0 10000 0
.462590 0 10000 0
.489801 2 10000 .000200
.517012 17 10000 .001700
.544224 55 10000 .005500
.571435 124 10000 .012400
.598646 221 10000 .022100
.625857 345 10000 .034500
.653068 496 10000 .049600
.680280 700 10000 .070000
.707491 994 10000 .099400
.734702 1316 10000 .131600
.761913 1624 10000 .162400
.789124 2008 10000 .200800
.816336 2439 10000 .243900
.843547 2885 10000 .288500
.870758 3364 10000 .336400
.897969 3849 10000 .384900
.925180 4332 9999 .433243
.952392 4765 9997 .476642
.979603 5206 9998 .520704
1.006814 5689 9997 .569070
1.034025 6007 9996 .600940
1.061236 6352 9998 .635327
1.088448 6599 9998 .660032
1.115659 6867 9997 .686906
1.142870 7102 9985 .711266
1.170081 7344 9977 .736093
1.197292 7528 9964 .755519
1.224504 7704 9954 .773960
1.251715 7888 9953 .792524
1.278926 8048 9956 .808356
1.306137 8150 9945 .819507
1.333348 8258 9934 .831286
1.360560 8400 9957 .843627
1.387771 8485 9962 .851736
1.414982 8607 9980 .862424
1.442193 8731 9988 .874148
1.469404 8814 9992 .882105
1.496616 8899 9987 .891058
1.523827 8982 9991 .899009
1.551038 9033 9988 .904385
1.578249 9090 9994 .909545
1.605460 9103 9981 .912032
1.632672 9116 9962 .915077
