.027211 0 5000 0
.054422 0 5000 0
.081633 0 5000 0
.108844 0 5000 0
.136056 0 5000 0
.163267 0 5000 0
.190478 0 5000 0
.217689 0 5000 0
.244900 0 5000 0
.272112 0 5000 0
.299323 0 5000 0
.326534 0 5000 0
.353745 0 5000 0
.380956 0 5000 0
.408168 5 5000 .001000
.435379 72 5000 .014400
.462590 216 5000 .043200
.489801 499 5000 .099800
.517012 890 5000 .178000
.544224 1365 5000 .273000
.571435 1801 5000 .360200
.598646 2250 5000 .450000
.625857 2609 5000 .521800
.653068 2949 5000 .589800
.680280 3248 5000 .649600
.707491 3419 5000 .683800
.734702 3629 5000 .725800
.761913 3843 5000 .768600
.789124 4058 5000 .811600
.816336 4230 5000 .846000
.843547 4374 5000 .874800
.870758 4501 5000 .900200
.897969 4577 5000 .915400
.925180 4626 4999 .925385
.952392 4677 5000 .935400
.979603 4702 4998 .940776
1.006814 4746 5000 .949200
1.034025 4764 4998 .953181
1.061236 4785 4998 .957382
1.088448 4811 4998 .962585
1.115659 4812 4998 .962785
1.142870 4822 4997 .964978
1.170081 4837 5000 .967400
1.197292 4865 4997 .973584
1.224504 4886 5000 .977200
1.251715 4890 5000 .978000
1.278926 4885 5000 .977000
1.306137 4882 5000 .976400
1.333348 4898 4998 .979991
1.360560 4907 4998 .981792
1.387771 4915 4999 .983196
1.414982 4910 4999 .982196
1.442193 4926 4998 .985594
1.469404 4941 4999 .988397
1.496616 4942 4999 .988597
1.523827 4948 5000 .989600
1.551038 4953 4997 .991194
1.578249 4960 4997 .992595
1.605460 4952 4998 .990796
1.632672 4954 4998 .991196
