.027211 0 0 0 
.054422 0 0 0
.081633 0 0 0
.108844 0 10000 0
.136056 0 10000 0
.163267 0 10000 0
.190478 0 10000 0
.217689 0 10000 0
.244900 0 10000 0
.272112 0 10000 0
.299323 0 10000 0
.326534 0 10000 0
.353745 0 10000 0
.380956 0 10000 0
.408168 0 10000 0
.435379 1 10000 .000100
.462590 16 10000 .001600
.489801 75 10000 .007500
.517012 202 10000 .020200
.544224 440 10000 .044000
.571435 734 10000 .073400
.598646 1056 10000 .105600
.625857 1442 10000 .144200
.653068 1813 10000 .181300
.680280 2243 10000 .224300
.707491 2716 10000 .271600
.734702 3176 10000 .317600
.761913 3642 10000 .364200
.789124 4100 10000 .410000
.816336 4545 10000 .454500
.843547 5021 10000 .502100
.870758 5474 10000 .547400
.897969 5883 10000 .588300
.925180 6367 9999 .636763
.952392 6727 10000 .672700
.979603 6971 9997 .697309
1.006814 7259 9999 .725972
1.034025 7427 9998 .742848
1.061236 7606 9998 .760752
1.088448 7785 10000 .778500
1.115659 7922 9990 .792992
1.142870 8041 9990 .804904
1.170081 8148 9985 .816024
1.197292 8274 9987 .828477
1.224504 8429 9989 .843828
1.251715 8511 9978 .852976
1.278926 8642 9993 .864805
1.306137 8733 9994 .873824
1.333348 8800 9991 .880792
1.360560 8889 9991 .889700
1.387771 8958 9991 .896606
1.414982 9019 9997 .902170
1.442193 9073 9997 .907572
1.469404 9129 9994 .913448
1.496616 9189 9994 .919451
1.523827 9230 9997 .923276
1.551038 9279 9996 .928271
1.578249 9292 9993 .929850
1.605460 9327 9985 .934101
1.632672 9355 9975 .937844
