.027211 0 0 0 
.054422 0 0 0
.081633 0 0 0
.108844 0 10000 0
.136056 0 10000 0
.163267 0 10000 0
.190478 0 10000 0
.217689 0 10000 0
.244900 0 10000 0
.272112 0 10000 0
.299323 0 10000 0
.326534 0 10000 0
.353745 0 10000 0
.380956 0 10000 0
.408168 0 10000 0
.435379 0 10000 0
.462590 0 10000 0
.489801 2 10000 .000200
.517012 14 10000 .001400
.544224 48 10000 .004800
.571435 101 10000 .010100
.598646 212 10000 .021200
.625857 324 10000 .032400
.653068 481 10000 .048100
.680280 683 10000 .068300
.707491 950 10000 .095000
.734702 1231 10000 .123100
.761913 1527 10000 .152700
.789124 1927 10000 .192700
.816336 2314 10000 .231400
.843547 2755 10000 .275500
.870758 3230 10000 .323000
.897969 3772 10000 .377200
.925180 4199 9999 .419941
.952392 4657 10000 .465700
.979603 5151 9999 .515151
1.006814 5560 9997 .556166
1.034025 5929 9997 .593077
1.061236 6273 9998 .627425
1.088448 6574 10000 .657400
1.115659 6837 9995 .684042
1.142870 7122 9984 .713341
1.170081 7308 9973 .732778
1.197292 7528 9962 .755671
1.224504 7684 9951 .772183
1.251715 7847 9957 .788088
1.278926 8021 9948 .806292
1.306137 8147 9948 .818958
1.333348 8282 9940 .833199
1.360560 8374 9963 .840509
1.387771 8495 9969 .852141
1.414982 8604 9977 .862383
1.442193 8694 9980 .871142
1.469404 8787 9987 .879843
1.496616 8891 9987 .890257
1.523827 8942 9990 .895095
1.551038 8998 9994 .900340
1.578249 9049 9992 .905624
1.605460 9105 9983 .912050
1.632672 9099 9960 .913554
