.027211 0 0 0 
.054422 0 0 0
.081633 0 0 0
.108844 0 10000 0
.136056 0 10000 0
.163267 0 10000 0
.190478 0 10000 0
.217689 0 10000 0
.244900 0 10000 0
.272112 0 10000 0
.299323 0 10000 0
.326534 0 10000 0
.353745 0 10000 0
.380956 0 10000 0
.408168 0 10000 0
.435379 0 10000 0
.462590 3 10000 .000300
.489801 15 10000 .001500
.517012 55 10000 .005500
.544224 122 10000 .012200
.571435 260 10000 .026000
.598646 455 10000 .045500
.625857 662 10000 .066200
.653068 923 10000 .092300
.680280 1254 10000 .125400
.707491 1587 10000 .158700
.734702 1972 10000 .197200
.761913 2418 10000 .241800
.789124 2870 10000 .287000
.816336 3275 10000 .327500
.843547 3724 10000 .372400
.870758 4201 10000 .420100
.897969 4632 10000 .463200
.925180 5078 9999 .507850
.952392 5492 10000 .549200
.979603 5913 9999 .591359
1.006814 6250 9999 .625062
1.034025 6522 10000 .652200
1.061236 6753 9997 .675502
1.088448 6983 9997 .698509
1.115659 7188 9994 .719231
1.142870 7415 9984 .742688
1.170081 7553 9978 .756965
1.197292 7731 9983 .774416
1.224504 7891 9977 .790919
1.251715 8061 9972 .808363
1.278926 8166 9971 .818975
1.306137 8286 9971 .831009
1.333348 8414 9964 .844439
1.360560 8504 9971 .852873
1.387771 8620 9978 .863900
1.414982 8708 9993 .871409
1.442193 8791 9994 .879627
1.469404 8868 9992 .887510
1.496616 8935 9993 .894125
1.523827 8990 9993 .899629
1.551038 9030 9989 .903994
1.578249 9095 9991 .910319
1.605460 9121 9983 .913653
1.632672 9147 9969 .917544
