.027211 0 0 0 
.054422 0 0 0
.081633 0 0 0
.108844 0 10000 0
.136056 0 10000 0
.163267 0 10000 0
.190478 0 10000 0
.217689 0 10000 0
.244900 0 10000 0
.272112 0 10000 0
.299323 0 10000 0
.326534 0 10000 0
.353745 0 10000 0
.380956 0 10000 0
.408168 0 10000 0
.435379 0 10000 0
.462590 0 10000 0
.489801 4 10000 .000400
.517012 29 10000 .002900
.544224 77 10000 .007700
.571435 170 10000 .017000
.598646 302 10000 .030200
.625857 449 10000 .044900
.653068 642 10000 .064200
.680280 892 10000 .089200
.707491 1225 10000 .122500
.734702 1548 10000 .154800
.761913 1958 10000 .195800
.789124 2401 10000 .240100
.816336 2789 10000 .278900
.843547 3227 10000 .322700
.870758 3722 10000 .372200
.897969 4131 9999 .413141
.925180 4612 9999 .461246
.952392 5070 9998 .507101
.979603 5516 9998 .551710
1.006814 5899 9999 .589958
1.034025 6217 9997 .621886
1.061236 6508 9998 .650930
1.088448 6748 9996 .675070
1.115659 6992 9997 .699409
1.142870 7192 9982 .720496
1.170081 7402 9974 .742129
1.197292 7597 9970 .761985
1.224504 7789 9967 .781478
1.251715 7923 9963 .795242
1.278926 8083 9969 .810813
1.306137 8210 9953 .824876
1.333348 8319 9955 .835660
1.360560 8400 9963 .843119
1.387771 8537 9976 .855753
1.414982 8650 9989 .865952
1.442193 8778 9992 .878502
1.469404 8852 9991 .885997
1.496616 8930 9990 .893893
1.523827 8953 9987 .896465
1.551038 9018 9989 .902793
1.578249 9059 9992 .906625
1.605460 9097 9986 .910975
1.632672 9120 9967 .915019
