.027211 0 0 0 
.054422 0 0 0
.081633 0 0 0
.108844 0 10000 0
.136056 0 10000 0
.163267 0 10000 0
.190478 8 10000 .000800
.217689 51 10000 .005100
.244900 168 10000 .016800
.272112 305 10000 .030500
.299323 468 10000 .046800
.326534 649 10000 .064900
.353745 804 10000 .080400
.380956 974 10000 .097400
.408168 1172 10000 .117200
.435379 1398 10000 .139800
.462590 1729 10000 .172900
.489801 2016 10000 .201600
.517012 2338 10000 .233800
.544224 2662 10000 .266200
.571435 2912 10000 .291200
.598646 3164 10000 .316400
.625857 3484 10000 .348400
.653068 3750 10000 .375000
.680280 4063 10000 .406300
.707491 4352 10000 .435200
.734702 4599 10000 .459900
.761913 4912 10000 .491200
.789124 5128 10000 .512800
.816336 5367 10000 .536700
.843547 5611 10000 .561100
.870758 5837 10000 .583700
.897969 6048 10000 .604800
.925180 6271 10000 .627100
.952392 6440 10000 .644000
.979603 6666 10000 .666600
1.006814 6918 10000 .691800
1.034025 7153 10000 .715300
1.061236 7324 10000 .732400
1.088448 7483 10000 .748300
1.115659 7615 10000 .761500
1.142870 7782 10000 .778200
1.170081 7935 10000 .793500
1.197292 8095 10000 .809500
1.224504 8206 9999 .820682
1.251715 8308 9997 .831049
1.278926 8401 9998 .840268
1.306137 8536 10000 .853600
1.333348 8575 9999 .857585
1.360560 8633 9996 .863645
1.387771 8694 9994 .869921
1.414982 8761 9995 .876538
1.442193 8842 9997 .884465
1.469404 8927 9991 .893504
1.496616 8962 9998 .896379
1.523827 9044 9999 .904490
1.551038 9101 9992 .910828
1.578249 9134 9995 .913856
1.605460 9169 9992 .917634
1.632672 9182 9989 .919211
