.027211 0 0 0 
.054422 0 0 0
.081633 0 0 0
.108844 0 10000 0
.136056 0 10000 0
.163267 0 10000 0
.190478 0 10000 0
.217689 13 10000 .001300
.244900 96 10000 .009600
.272112 287 10000 .028700
.299323 541 10000 .054100
.326534 869 10000 .086900
.353745 1209 10000 .120900
.380956 1563 10000 .156300
.408168 1891 10000 .189100
.435379 2324 10000 .232400
.462590 2667 10000 .266700
.489801 3111 10000 .311100
.517012 3596 10000 .359600
.544224 3987 10000 .398700
.571435 4331 10000 .433100
.598646 4751 10000 .475100
.625857 5087 10000 .508700
.653068 5451 10000 .545100
.680280 5735 10000 .573500
.707491 6004 10000 .600400
.734702 6318 10000 .631800
.761913 6564 10000 .656400
.789124 6806 10000 .680600
.816336 7021 10000 .702100
.843547 7246 10000 .724600
.870758 7435 10000 .743500
.897969 7558 10000 .755800
.925180 7774 10000 .777400
.952392 7897 10000 .789700
.979603 8066 10000 .806600
1.006814 8246 10000 .824600
1.034025 8378 10000 .837800
1.061236 8499 10000 .849900
1.088448 8580 10000 .858000
1.115659 8650 10000 .865000
1.142870 8705 10000 .870500
1.170081 8798 10000 .879800
1.197292 8867 10000 .886700
1.224504 8924 10000 .892400
1.251715 8979 9999 .897989
1.278926 8996 10000 .899600
1.306137 9033 10000 .903300
1.333348 9053 9999 .905390
1.360560 9097 9998 .909881
1.387771 9112 9999 .911291
1.414982 9172 9998 .917383
1.442193 9211 9999 .921192
1.469404 9247 9999 .924792
1.496616 9282 9997 .928478
1.523827 9310 9998 .931186
1.551038 9325 9998 .932686
1.578249 9336 9998 .933786
1.605460 9333 9995 .933766
1.632672 9359 9993 .936555
