.027211 0 0 0 
.054422 0 0 0
.081633 0 0 0
.108844 0 10000 0
.136056 0 10000 0
.163267 0 10000 0
.190478 0 10000 0
.217689 17 10000 .001700
.244900 77 10000 .007700
.272112 189 10000 .018900
.299323 415 10000 .041500
.326534 705 10000 .070500
.353745 956 10000 .095600
.380956 1292 10000 .129200
.408168 1543 10000 .154300
.435379 1889 10000 .188900
.462590 2290 10000 .229000
.489801 2630 10000 .263000
.517012 2944 10000 .294400
.544224 3262 10000 .326200
.571435 3631 10000 .363100
.598646 3836 10000 .383600
.625857 4124 10000 .412400
.653068 4361 10000 .436100
.680280 4681 10000 .468100
.707491 4917 10000 .491700
.734702 5236 10000 .523600
.761913 5463 10000 .546300
.789124 5700 10000 .570000
.816336 5936 10000 .593600
.843547 6179 10000 .617900
.870758 6467 10000 .646700
.897969 6671 10000 .667100
.925180 6926 10000 .692600
.952392 7065 10000 .706500
.979603 7289 10000 .728900
1.006814 7493 10000 .749300
1.034025 7647 10000 .764700
1.061236 7782 10000 .778200
1.088448 7895 10000 .789500
1.115659 8024 9999 .802480
1.142870 8184 9999 .818481
1.170081 8294 10000 .829400
1.197292 8406 10000 .840600
1.224504 8496 9999 .849684
1.251715 8557 9999 .855785
1.278926 8626 9997 .862858
1.306137 8696 9995 .870035
1.333348 8765 9995 .876938
1.360560 8787 9994 .879227
1.387771 8881 9993 .888722
1.414982 8959 9991 .896707
1.442193 9038 9990 .904704
1.469404 9088 9987 .909982
1.496616 9146 9987 .915790
1.523827 9199 9990 .920820
1.551038 9214 9992 .922137
1.578249 9251 9989 .926118
1.605460 9262 9986 .927498
1.632672 9297 9982 .931376
