.027211 0 0 0 
.054422 0 0 0
.081633 0 0 0
.108844 0 10000 0
.136056 0 10000 0
.163267 0 10000 0
.190478 0 10000 0
.217689 1 10000 .000100
.244900 45 10000 .004500
.272112 187 10000 .018700
.299323 469 10000 .046900
.326534 857 10000 .085700
.353745 1309 10000 .130900
.380956 1779 10000 .177900
.408168 2245 10000 .224500
.435379 2776 10000 .277600
.462590 3352 10000 .335200
.489801 3741 10000 .374100
.517012 4215 10000 .421500
.544224 4635 10000 .463500
.571435 5074 10000 .507400
.598646 5478 10000 .547800
.625857 5822 10000 .582200
.653068 6163 10000 .616300
.680280 6437 10000 .643700
.707491 6764 10000 .676400
.734702 7138 10000 .713800
.761913 7288 10000 .728800
.789124 7552 10000 .755200
.816336 7795 10000 .779500
.843547 8020 10000 .802000
.870758 8136 10000 .813600
.897969 8299 10000 .829900
.925180 8449 10000 .844900
.952392 8550 10000 .855000
.979603 8637 10000 .863700
1.006814 8746 10000 .874600
1.034025 8823 10000 .882300
1.061236 8917 10000 .891700
1.088448 8932 10000 .893200
1.115659 8964 10000 .896400
1.142870 9013 9999 .901390
1.170081 9055 10000 .905500
1.197292 9093 10000 .909300
1.224504 9156 9999 .915691
1.251715 9216 9998 .921784
1.278926 9262 10000 .926200
1.306137 9250 9999 .925092
1.333348 9251 9998 .925285
1.360560 9260 9998 .926185
1.387771 9282 9996 .928571
1.414982 9294 10000 .929400
1.442193 9362 9998 .936387
1.469404 9397 9996 .940076
1.496616 9429 9994 .943466
1.523827 9447 9996 .945078
1.551038 9446 9995 .945072
1.578249 9475 9992 .948258
1.605460 9474 9989 .948443
1.632672 9481 9980 .950000
