.027211 0 0 0 
.054422 0 0 0
.081633 0 0 0
.108844 0 10000 0
.136056 0 10000 0
.163267 0 10000 0
.190478 0 10000 0
.217689 5 10000 .000500
.244900 85 10000 .008500
.272112 226 10000 .022600
.299323 457 10000 .045700
.326534 762 10000 .076200
.353745 1161 10000 .116100
.380956 1563 10000 .156300
.408168 1928 10000 .192800
.435379 2357 10000 .235700
.462590 2709 10000 .270900
.489801 3117 10000 .311700
.517012 3496 10000 .349600
.544224 3746 10000 .374600
.571435 4123 10000 .412300
.598646 4385 10000 .438500
.625857 4739 10000 .473900
.653068 4963 10000 .496300
.680280 5249 10000 .524900
.707491 5594 10000 .559400
.734702 5843 10000 .584300
.761913 6082 10000 .608200
.789124 6363 10000 .636300
.816336 6509 10000 .650900
.843547 6672 10000 .667200
.870758 6860 10000 .686000
.897969 7072 10000 .707200
.925180 7183 10000 .718300
.952392 7360 10000 .736000
.979603 7511 10000 .751100
1.006814 7688 10000 .768800
1.034025 7843 10000 .784300
1.061236 7934 10000 .793400
1.088448 8026 10000 .802600
1.115659 8185 10000 .818500
1.142870 8309 10000 .830900
1.170081 8391 10000 .839100
1.197292 8482 9999 .848284
1.224504 8578 9996 .858143
1.251715 8661 9999 .866186
1.278926 8745 9997 .874762
1.306137 8790 9994 .879527
1.333348 8855 9996 .885854
1.360560 8920 9989 .892982
1.387771 8980 9991 .898808
1.414982 9024 9990 .903303
1.442193 9063 9988 .907388
1.469404 9090 9984 .910456
1.496616 9138 9980 .915631
1.523827 9198 9984 .921274
1.551038 9213 9983 .922868
1.578249 9242 9985 .925588
1.605460 9254 9981 .927161
1.632672 9277 9973 .930211
