.027211 0 0 0 
.054422 0 0 0
.081633 0 0 0
.108844 0 10000 0
.136056 0 10000 0
.163267 0 10000 0
.190478 0 10000 0
.217689 23 10000 .002300
.244900 83 10000 .008300
.272112 220 10000 .022000
.299323 439 10000 .043900
.326534 734 10000 .073400
.353745 1165 10000 .116500
.380956 1540 10000 .154000
.408168 1960 10000 .196000
.435379 2415 10000 .241500
.462590 2878 10000 .287800
.489801 3282 10000 .328200
.517012 3631 10000 .363100
.544224 4041 10000 .404100
.571435 4386 10000 .438600
.598646 4718 10000 .471800
.625857 5077 10000 .507700
.653068 5349 10000 .534900
.680280 5669 10000 .566900
.707491 5939 10000 .593900
.734702 6267 10000 .626700
.761913 6520 10000 .652000
.789124 6798 10000 .679800
.816336 6977 10000 .697700
.843547 7195 10000 .719500
.870758 7342 10000 .734200
.897969 7515 10000 .751500
.925180 7671 10000 .767100
.952392 7848 10000 .784800
.979603 8016 9999 .801680
1.006814 8135 10000 .813500
1.034025 8245 10000 .824500
1.061236 8336 10000 .833600
1.088448 8435 10000 .843500
1.115659 8480 10000 .848000
1.142870 8564 9999 .856485
1.170081 8638 9998 .863972
1.197292 8732 9997 .873462
1.224504 8818 9993 .882417
1.251715 8891 9993 .889722
1.278926 8893 9995 .889744
1.306137 8926 9992 .893314
1.333348 8962 9992 .896917
1.360560 8972 9992 .897918
1.387771 9001 9991 .900910
1.414982 9070 9993 .907635
1.442193 9088 9990 .909709
1.469404 9116 9989 .912603
1.496616 9159 9986 .917184
1.523827 9186 9992 .919335
1.551038 9243 9992 .925040
1.578249 9250 9990 .925925
1.605460 9257 9987 .926904
1.632672 9291 9968 .932082
