.027211 0 0 0 
.054422 0 0 0
.081633 0 0 0
.108844 0 10000 0
.136056 0 10000 0
.163267 0 10000 0
.190478 0 10000 0
.217689 2 10000 .000200
.244900 31 10000 .003100
.272112 97 10000 .009700
.299323 241 10000 .024100
.326534 494 10000 .049400
.353745 832 10000 .083200
.380956 1258 10000 .125800
.408168 1700 10000 .170000
.435379 2141 10000 .214100
.462590 2575 10000 .257500
.489801 3025 10000 .302500
.517012 3477 10000 .347700
.544224 3932 10000 .393200
.571435 4350 10000 .435000
.598646 4731 10000 .473100
.625857 5046 10000 .504600
.653068 5410 10000 .541000
.680280 5752 10000 .575200
.707491 6027 10000 .602700
.734702 6331 10000 .633100
.761913 6610 10000 .661000
.789124 6804 10000 .680400
.816336 7007 10000 .700700
.843547 7250 10000 .725000
.870758 7391 10000 .739100
.897969 7534 9999 .753475
.925180 7649 10000 .764900
.952392 7824 10000 .782400
.979603 7972 9998 .797359
1.006814 8097 9998 .809861
1.034025 8191 10000 .819100
1.061236 8216 9999 .821682
1.088448 8371 9998 .837267
1.115659 8487 9999 .848784
1.142870 8568 9996 .857142
1.170081 8627 9997 .862958
1.197292 8697 9990 .870570
1.224504 8765 9994 .877026
1.251715 8756 9981 .877266
1.278926 8789 9985 .880220
1.306137 8833 9991 .884095
1.333348 8894 9992 .890112
1.360560 8945 9984 .895933
1.387771 9044 9990 .905305
1.414982 9056 9985 .906960
1.442193 9110 9991 .911820
1.469404 9130 9993 .913639
1.496616 9179 9991 .918726
1.523827 9216 9998 .921784
1.551038 9239 9992 .924639
1.578249 9254 9990 .926326
1.605460 9289 9973 .931414
1.632672 9274 9950 .932060
