.027211 0 0 0 
.054422 0 0 0
.081633 0 0 0
.108844 0 10000 0
.136056 0 10000 0
.163267 0 10000 0
.190478 0 10000 0
.217689 0 10000 0
.244900 15 10000 .001500
.272112 106 10000 .010600
.299323 237 10000 .023700
.326534 534 10000 .053400
.353745 866 10000 .086600
.380956 1376 10000 .137600
.408168 1820 10000 .182000
.435379 2309 10000 .230900
.462590 2945 10000 .294500
.489801 3422 10000 .342200
.517012 3923 10000 .392300
.544224 4373 10000 .437300
.571435 4875 10000 .487500
.598646 5258 10000 .525800
.625857 5630 10000 .563000
.653068 5897 10000 .589700
.680280 6193 10000 .619300
.707491 6566 10000 .656600
.734702 6947 10000 .694700
.761913 7185 10000 .718500
.789124 7425 10000 .742500
.816336 7637 10000 .763700
.843547 7754 10000 .775400
.870758 7932 10000 .793200
.897969 8041 10000 .804100
.925180 8138 10000 .813800
.952392 8267 9999 .826782
.979603 8432 10000 .843200
1.006814 8545 10000 .854500
1.034025 8600 9999 .860086
1.061236 8655 9999 .865586
1.088448 8748 9999 .874887
1.115659 8801 10000 .880100
1.142870 8821 9996 .882452
1.170081 8892 9999 .889288
1.197292 8937 9999 .893789
1.224504 9006 9999 .900690
1.251715 9004 9993 .901030
1.278926 9033 9995 .903751
1.306137 9041 9995 .904552
1.333348 9076 9997 .907872
1.360560 9128 9988 .913896
1.387771 9176 9994 .918150
1.414982 9187 9989 .919711
1.442193 9246 9990 .925525
1.469404 9307 9991 .931538
1.496616 9331 9990 .934034
1.523827 9327 9994 .933259
1.551038 9328 9995 .933266
1.578249 9324 9989 .933426
1.605460 9312 9976 .933440
1.632672 9314 9961 .935046
