.027211 0 0 0 
.054422 0 0 0
.081633 0 0 0
.108844 0 10000 0
.136056 0 10000 0
.163267 0 10000 0
.190478 0 10000 0
.217689 2 10000 .000200
.244900 9 10000 .000900
.272112 55 10000 .005500
.299323 198 10000 .019800
.326534 484 10000 .048400
.353745 801 10000 .080100
.380956 1251 10000 .125100
.408168 1641 10000 .164100
.435379 2073 10000 .207300
.462590 2529 10000 .252900
.489801 2865 10000 .286500
.517012 3353 10000 .335300
.544224 3709 10000 .370900
.571435 4107 10000 .410700
.598646 4464 10000 .446400
.625857 4787 10000 .478700
.653068 5127 10000 .512700
.680280 5506 10000 .550600
.707491 5824 10000 .582400
.734702 6103 10000 .610300
.761913 6300 10000 .630000
.789124 6529 10000 .652900
.816336 6735 10000 .673500
.843547 6971 10000 .697100
.870758 7107 10000 .710700
.897969 7251 10000 .725100
.925180 7395 10000 .739500
.952392 7541 9999 .754175
.979603 7698 9999 .769876
1.006814 7809 9999 .780978
1.034025 7948 10000 .794800
1.061236 8035 10000 .803500
1.088448 8206 10000 .820600
1.115659 8334 10000 .833400
1.142870 8419 9998 .842068
1.170081 8490 9999 .849084
1.197292 8553 9993 .855899
1.224504 8594 9989 .860346
1.251715 8666 9992 .867293
1.278926 8699 9990 .870770
1.306137 8766 9990 .877477
1.333348 8814 9981 .883077
1.360560 8939 9979 .895781
1.387771 8995 9982 .901122
1.414982 9050 9976 .907177
1.442193 9103 9984 .911758
1.469404 9155 9982 .917150
1.496616 9186 9980 .920440
1.523827 9210 9987 .922198
1.551038 9226 9985 .923985
1.578249 9243 9974 .926709
1.605460 9242 9959 .928004
1.632672 9244 9942 .929792
