.027211 0 0 0 
.054422 0 0 0
.081633 0 0 0
.108844 0 10000 0
.136056 0 10000 0
.163267 0 10000 0
.190478 0 10000 0
.217689 0 10000 0
.244900 3 10000 .000300
.272112 52 10000 .005200
.299323 242 10000 .024200
.326534 705 10000 .070500
.353745 1236 10000 .123600
.380956 1835 10000 .183500
.408168 2438 10000 .243800
.435379 2995 10000 .299500
.462590 3566 10000 .356600
.489801 4066 10000 .406600
.517012 4538 10000 .453800
.544224 5103 10000 .510300
.571435 5631 10000 .563100
.598646 5956 10000 .595600
.625857 6326 10000 .632600
.653068 6757 10000 .675700
.680280 7059 10000 .705900
.707491 7361 10000 .736100
.734702 7719 10000 .771900
.761913 8018 10000 .801800
.789124 8195 10000 .819500
.816336 8384 10000 .838400
.843547 8499 10000 .849900
.870758 8654 9999 .865486
.897969 8750 10000 .875000
.925180 8835 10000 .883500
.952392 8924 10000 .892400
.979603 8993 10000 .899300
1.006814 9058 10000 .905800
1.034025 9128 9999 .912891
1.061236 9162 9999 .916291
1.088448 9176 9999 .917691
1.115659 9230 9999 .923092
1.142870 9266 10000 .926600
1.170081 9290 9999 .929092
1.197292 9318 9999 .931893
1.224504 9372 10000 .937200
1.251715 9385 10000 .938500
1.278926 9397 9999 .939793
1.306137 9399 9999 .939993
1.333348 9391 9998 .939287
1.360560 9391 9994 .939663
1.387771 9429 9995 .943371
1.414982 9465 9994 .947068
1.442193 9512 9990 .952152
1.469404 9532 9988 .954345
1.496616 9556 9992 .956365
1.523827 9553 9994 .955873
1.551038 9545 9989 .955551
1.578249 9514 9986 .952733
1.605460 9512 9978 .953297
1.632672 9491 9960 .952911
