.027211 0 0 0 
.054422 0 0 0
.081633 0 0 0
.108844 0 10000 0
.136056 0 10000 0
.163267 0 10000 0
.190478 0 10000 0
.217689 0 10000 0
.244900 0 10000 0
.272112 18 10000 .001800
.299323 124 10000 .012400
.326534 335 10000 .033500
.353745 774 10000 .077400
.380956 1263 10000 .126300
.408168 1845 10000 .184500
.435379 2437 10000 .243700
.462590 3074 10000 .307400
.489801 3707 10000 .370700
.517012 4202 10000 .420200
.544224 4663 10000 .466300
.571435 5130 10000 .513000
.598646 5595 10000 .559500
.625857 5996 10000 .599600
.653068 6282 10000 .628200
.680280 6711 10000 .671100
.707491 7086 10000 .708600
.734702 7358 10000 .735800
.761913 7579 10000 .757900
.789124 7841 10000 .784100
.816336 8038 10000 .803800
.843547 8221 9999 .822182
.870758 8366 9999 .836683
.897969 8439 10000 .843900
.925180 8589 9999 .858985
.952392 8666 9998 .866773
.979603 8753 10000 .875300
1.006814 8857 9997 .885965
1.034025 8924 9999 .892489
1.061236 8918 9999 .891889
1.088448 8947 10000 .894700
1.115659 9042 10000 .904200
1.142870 9083 9999 .908390
1.170081 9114 9994 .911947
1.197292 9152 9990 .916116
1.224504 9199 9998 .920084
1.251715 9184 9995 .918859
1.278926 9201 9995 .920560
1.306137 9230 9995 .923461
1.333348 9265 9995 .926963
1.360560 9295 9994 .930058
1.387771 9344 9992 .935148
1.414982 9402 9991 .941046
1.442193 9407 9990 .941641
1.469404 9432 9986 .944522
1.496616 9422 9993 .942860
1.523827 9436 9991 .944450
1.551038 9413 9989 .942336
1.578249 9384 9985 .939809
1.605460 9376 9953 .942027
1.632672 9387 9921 .946174
