.027211 0 0 0 
.054422 0 0 0
.081633 0 0 0
.108844 0 10000 0
.136056 0 10000 0
.163267 0 10000 0
.190478 0 10000 0
.217689 0 10000 0
.244900 0 10000 0
.272112 10 10000 .001000
.299323 172 10000 .017200
.326534 657 10000 .065700
.353745 1292 10000 .129200
.380956 1896 10000 .189600
.408168 2590 10000 .259000
.435379 3344 10000 .334400
.462590 4018 10000 .401800
.489801 4604 10000 .460400
.517012 5147 10000 .514700
.544224 5662 10000 .566200
.571435 6216 10000 .621600
.598646 6632 10000 .663200
.625857 7065 10000 .706500
.653068 7385 10000 .738500
.680280 7725 10000 .772500
.707491 8016 10000 .801600
.734702 8305 10000 .830500
.761913 8602 10000 .860200
.789124 8771 10000 .877100
.816336 8930 10000 .893000
.843547 9014 10000 .901400
.870758 9056 10000 .905600
.897969 9130 10000 .913000
.925180 9172 9999 .917291
.952392 9230 10000 .923000
.979603 9314 9998 .931586
1.006814 9371 9999 .937193
1.034025 9416 9998 .941788
1.061236 9391 10000 .939100
1.088448 9409 10000 .940900
1.115659 9457 10000 .945700
1.142870 9509 10000 .950900
1.170081 9522 9998 .952390
1.197292 9518 9997 .952085
1.224504 9532 9998 .953390
1.251715 9529 9999 .952995
1.278926 9517 9997 .951985
1.306137 9532 9997 .953486
1.333348 9545 9997 .954786
1.360560 9571 9997 .957387
1.387771 9601 9993 .960772
1.414982 9621 9990 .963063
1.442193 9642 9993 .964875
1.469404 9635 9986 .964850
1.496616 9599 9983 .961534
1.523827 9599 9990 .960860
1.551038 9585 9990 .959459
1.578249 9578 9982 .959527
1.605460 9603 9975 .962706
1.632672 9595 9957 .963643
