.027211 0 0 0 
.054422 0 0 0
.081633 0 0 0
.108844 0 10000 0
.136056 0 10000 0
.163267 0 10000 0
.190478 0 10000 0
.217689 0 10000 0
.244900 0 10000 0
.272112 11 10000 .001100
.299323 41 10000 .004100
.326534 150 10000 .015000
.353745 382 10000 .038200
.380956 656 10000 .065600
.408168 1108 10000 .110800
.435379 1544 10000 .154400
.462590 2014 10000 .201400
.489801 2398 10000 .239800
.517012 2752 10000 .275200
.544224 3215 10000 .321500
.571435 3675 10000 .367500
.598646 4022 10000 .402200
.625857 4390 10000 .439000
.653068 4747 10000 .474700
.680280 5026 10000 .502600
.707491 5452 10000 .545200
.734702 5803 10000 .580300
.761913 6048 10000 .604800
.789124 6328 10000 .632800
.816336 6587 10000 .658700
.843547 6820 10000 .682000
.870758 6999 10000 .699900
.897969 7229 9998 .723044
.925180 7388 9995 .739169
.952392 7565 9998 .756651
.979603 7745 10000 .774500
1.006814 7845 9995 .784892
1.034025 7980 9997 .798239
1.061236 8122 9998 .812362
1.088448 8230 9999 .823082
1.115659 8375 9994 .838002
1.142870 8452 9988 .846215
1.170081 8540 9986 .855197
1.197292 8604 9976 .862469
1.224504 8610 9970 .863590
1.251715 8672 9961 .870595
1.278926 8722 9962 .875527
1.306137 8806 9971 .883161
1.333348 8876 9963 .890896
1.360560 8915 9965 .894631
1.387771 9003 9974 .902646
1.414982 9046 9980 .906412
1.442193 9121 9973 .914569
1.469404 9146 9972 .917168
1.496616 9175 9974 .919891
1.523827 9181 9975 .920401
1.551038 9211 9981 .922853
1.578249 9236 9969 .926472
1.605460 9247 9944 .929907
1.632672 9234 9909 .931880
