.027211 0 0 0 
.054422 0 0 0
.081633 0 0 0
.108844 0 10000 0
.136056 0 10000 0
.163267 0 10000 0
.190478 0 10000 0
.217689 0 10000 0
.244900 5 10000 .000500
.272112 41 10000 .004100
.299323 124 10000 .012400
.326534 290 10000 .029000
.353745 581 10000 .058100
.380956 971 10000 .097100
.408168 1427 10000 .142700
.435379 1940 10000 .194000
.462590 2502 10000 .250200
.489801 3024 10000 .302400
.517012 3514 10000 .351400
.544224 3976 10000 .397600
.571435 4391 10000 .439100
.598646 4854 10000 .485400
.625857 5222 10000 .522200
.653068 5538 10000 .553800
.680280 5945 10000 .594500
.707491 6348 10000 .634800
.734702 6655 10000 .665500
.761913 6958 10000 .695800
.789124 7205 10000 .720500
.816336 7445 10000 .744500
.843547 7616 9999 .761676
.870758 7805 9997 .780734
.897969 7920 9997 .792237
.925180 8107 9998 .810862
.952392 8277 9997 .827948
.979603 8348 9994 .835301
1.006814 8418 9999 .841884
1.034025 8444 10000 .844400
1.061236 8525 10000 .852500
1.088448 8585 9995 .858929
1.115659 8673 9994 .867820
1.142870 8778 9988 .878854
1.170081 8828 9985 .884126
1.197292 8870 9989 .887976
1.224504 8920 9988 .893071
1.251715 8954 9993 .896027
1.278926 8968 9993 .897428
1.306137 9026 9993 .903232
1.333348 9042 9995 .904652
1.360560 9097 9991 .910519
1.387771 9137 9991 .914523
1.414982 9194 9992 .920136
1.442193 9230 9991 .923831
1.469404 9251 9990 .926026
1.496616 9273 9993 .927949
1.523827 9278 9995 .928264
1.551038 9278 9991 .928635
1.578249 9292 9980 .931062
1.605460 9305 9955 .934706
1.632672 9303 9919 .937896
