.027211 0 0 0 
.054422 0 0 0
.081633 0 0 0
.108844 0 10000 0
.136056 0 10000 0
.163267 0 10000 0
.190478 0 10000 0
.217689 0 10000 0
.244900 2 10000 .000200
.272112 23 10000 .002300
.299323 87 10000 .008700
.326534 205 10000 .020500
.353745 413 10000 .041300
.380956 776 10000 .077600
.408168 1189 10000 .118900
.435379 1625 10000 .162500
.462590 2123 10000 .212300
.489801 2518 10000 .251800
.517012 2974 10000 .297400
.544224 3470 10000 .347000
.571435 3860 10000 .386000
.598646 4268 10000 .426800
.625857 4608 10000 .460800
.653068 4975 10000 .497500
.680280 5369 10000 .536900
.707491 5704 10000 .570400
.734702 6038 10000 .603800
.761913 6357 10000 .635700
.789124 6626 10000 .662600
.816336 6838 10000 .683800
.843547 7068 10000 .706800
.870758 7298 10000 .729800
.897969 7464 10000 .746400
.925180 7649 9997 .765129
.952392 7826 9999 .782678
.979603 7973 9998 .797459
1.006814 8090 9999 .809080
1.034025 8215 9997 .821746
1.061236 8258 9996 .826130
1.088448 8359 9997 .836150
1.115659 8456 9991 .846361
1.142870 8551 9983 .856556
1.170081 8629 9973 .865236
1.197292 8669 9978 .868811
1.224504 8726 9973 .874962
1.251715 8791 9982 .880685
1.278926 8797 9979 .881551
1.306137 8845 9984 .885917
1.333348 8931 9982 .894710
1.360560 8977 9985 .899048
1.387771 9027 9985 .904056
1.414982 9105 9983 .912050
1.442193 9128 9983 .914354
1.469404 9155 9987 .916691
1.496616 9175 9988 .918602
1.523827 9211 9993 .921745
1.551038 9219 9990 .922822
1.578249 9229 9982 .924564
1.605460 9221 9946 .927106
1.632672 9240 9916 .931827
