.027211 0 0 0
.054422 0 0 0
.081633 0 0 0
.108844 0 10000 0
.136056 0 10000 0
.163267 0 10000 0
.190478 0 10000 0
.217689 0 10000 0
.244900 0 10000 0
.272112 8 10000 .000800
.299323 31 10000 .003100
.326534 179 10000 .017900
.353745 449 10000 .044900
.380956 904 10000 .090400
.408168 1439 10000 .143900
.435379 1873 10000 .187300
.462590 2433 10000 .243300
.489801 2984 10000 .298400
.517012 3440 10000 .344000
.544224 4019 10000 .401900
.571435 4516 10000 .451600
.598646 5064 10000 .506400
.625857 5438 10000 .543800
.653068 5822 10000 .582200
.680280 6189 10000 .618900
.707491 6611 10000 .661100
.734702 6898 10000 .689800
.761913 7235 10000 .723500
.789124 7461 9999 .746174
.816336 7693 9999 .769376
.843547 7856 9997 .785835
.870758 8020 9997 .802240
.897969 8156 9996 .815926
.925180 8336 9999 .833683
.952392 8445 9998 .844668
.979603 8536 9998 .853770
1.006814 8596 9998 .859771
1.034025 8655 10000 .865500
1.061236 8707 9997 .870961
1.088448 8800 9990 .880880
1.115659 8891 9981 .890792
1.142870 8979 9995 .898349
1.170081 9018 9988 .902883
1.197292 9027 9988 .903784
1.224504 9081 9985 .909464
1.251715 9099 9987 .911084
1.278926 9147 9981 .916441
1.306137 9180 9987 .919194
1.333348 9185 9986 .919787
1.360560 9231 9991 .923931
1.387771 9267 9992 .927441
1.414982 9299 9991 .930737
1.442193 9332 9997 .933480
1.469404 9342 9990 .935135
1.496616 9350 9991 .935842
1.523827 9358 9992 .936549
1.551038 9356 9986 .936911
1.578249 9385 9965 .941796
1.605460 9359 9918 .943637
1.632672 9375 9896 .947352
