.027211 0 0 0 
.054422 0 0 0
.081633 0 0 0
.108844 0 10000 0
.136056 0 10000 0
.163267 0 10000 0
.190478 0 10000 0
.217689 0 10000 0
.244900 0 10000 0
.272112 0 10000 0
.299323 3 10000 .000300
.326534 20 10000 .002000
.353745 77 10000 .007700
.380956 223 10000 .022300
.408168 538 10000 .053800
.435379 1003 10000 .100300
.462590 1413 10000 .141300
.489801 1824 10000 .182400
.517012 2223 10000 .222300
.544224 2654 10000 .265400
.571435 3058 10000 .305800
.598646 3501 10000 .350100
.625857 3812 10000 .381200
.653068 4247 10000 .424700
.680280 4648 10000 .464800
.707491 5036 10000 .503600
.734702 5400 10000 .540000
.761913 5772 10000 .577200
.789124 6078 10000 .607800
.816336 6329 10000 .632900
.843547 6539 10000 .653900
.870758 6780 9995 .678339
.897969 7033 9998 .703440
.925180 7171 9989 .717889
.952392 7368 9990 .737537
.979603 7516 9998 .751750
1.006814 7706 9997 .770831
1.034025 7888 9998 .788957
1.061236 8002 9999 .800280
1.088448 8122 9982 .813664
1.115659 8226 9968 .825240
1.142870 8362 9968 .838884
1.170081 8447 9958 .848262
1.197292 8511 9949 .855462
1.224504 8589 9958 .862522
1.251715 8652 9948 .869722
1.278926 8714 9968 .874197
1.306137 8801 9964 .883279
1.333348 8853 9962 .888676
1.360560 8948 9964 .898032
1.387771 9022 9976 .904370
1.414982 9083 9984 .909755
1.442193 9102 9986 .911476
1.469404 9152 9981 .916942
1.496616 9181 9984 .919571
1.523827 9219 9979 .923840
1.551038 9217 9969 .924566
1.578249 9228 9958 .926692
1.605460 9225 9919 .930033
1.632672 9226 9872 .934562
