.027211 0 0 0 
.054422 0 0 0
.081633 0 0 0
.108844 0 10000 0
.136056 0 10000 0
.163267 0 10000 0
.190478 0 10000 0
.217689 0 10000 0
.244900 0 10000 0
.272112 6 10000 .000600
.299323 31 10000 .003100
.326534 111 10000 .011100
.353745 258 10000 .025800
.380956 535 10000 .053500
.408168 955 10000 .095500
.435379 1360 10000 .136000
.462590 1780 10000 .178000
.489801 2337 10000 .233700
.517012 2807 10000 .280700
.544224 3290 10000 .329000
.571435 3780 10000 .378000
.598646 4261 10000 .426100
.625857 4671 10000 .467100
.653068 5025 10000 .502500
.680280 5429 10000 .542900
.707491 5836 10000 .583600
.734702 6162 10000 .616200
.761913 6498 10000 .649800
.789124 6781 9999 .678167
.816336 7030 9999 .703070
.843547 7257 9997 .725917
.870758 7451 9996 .745398
.897969 7625 9992 .763110
.925180 7809 9993 .781447
.952392 8003 9996 .800620
.979603 8166 9996 .816926
1.006814 8278 9996 .828131
1.034025 8343 9997 .834550
1.061236 8431 9993 .843690
1.088448 8520 9973 .854306
1.115659 8563 9972 .858704
1.142870 8684 9986 .869617
1.170081 8734 9975 .875588
1.197292 8767 9968 .879514
1.224504 8823 9977 .884333
1.251715 8915 9979 .893376
1.278926 8942 9981 .895902
1.306137 9004 9983 .901933
1.333348 9033 9988 .904385
1.360560 9090 9988 .910092
1.387771 9136 9992 .914331
1.414982 9175 9984 .918970
1.442193 9192 9990 .920120
1.469404 9202 9992 .920936
1.496616 9222 9993 .922845
1.523827 9235 9990 .924424
1.551038 9254 9980 .927254
1.578249 9266 9952 .931069
1.605460 9262 9913 .934328
1.632672 9257 9875 .937417
