.027211 0 0 0 
.054422 0 0 0
.081633 0 0 0
.108844 0 10000 0
.136056 0 10000 0
.163267 0 10000 0
.190478 0 10000 0
.217689 0 10000 0
.244900 0 10000 0
.272112 1 10000 .000100
.299323 15 10000 .001500
.326534 50 10000 .005000
.353745 124 10000 .012400
.380956 313 10000 .031300
.408168 668 10000 .066800
.435379 1099 10000 .109900
.462590 1469 10000 .146900
.489801 1916 10000 .191600
.517012 2371 10000 .237100
.544224 2777 10000 .277700
.571435 3229 10000 .322900
.598646 3647 10000 .364700
.625857 4004 10000 .400400
.653068 4442 10000 .444200
.680280 4864 10000 .486400
.707491 5279 10000 .527900
.734702 5655 10000 .565500
.761913 6043 10000 .604300
.789124 6318 9999 .631863
.816336 6539 10000 .653900
.843547 6776 10000 .677600
.870758 7004 9998 .700540
.897969 7187 9995 .719059
.925180 7359 9991 .736562
.952392 7602 9997 .760428
.979603 7738 9990 .774574
1.006814 7924 9995 .792796
1.034025 8052 9996 .805522
1.061236 8194 9998 .819563
1.088448 8254 9973 .827634
1.115659 8348 9973 .837060
1.142870 8435 9967 .846292
1.170081 8506 9966 .853501
1.197292 8584 9963 .861587
1.224504 8681 9954 .872111
1.251715 8745 9960 .878012
1.278926 8809 9972 .883373
1.306137 8906 9984 .892027
1.333348 8954 9977 .897464
1.360560 9014 9984 .902844
1.387771 9055 9987 .906678
1.414982 9105 9978 .912507
1.442193 9141 9980 .915931
1.469404 9191 9986 .920388
1.496616 9206 9986 .921890
1.523827 9224 9986 .923693
1.551038 9241 9971 .926787
1.578249 9246 9947 .929526
1.605460 9236 9911 .931893
1.632672 9188 9851 .932697
