.027211 0 0 0 
.054422 0 0 0
.081633 0 0 0
.108844 0 10000 0
.136056 0 10000 0
.163267 0 10000 0
.190478 0 10000 0
.217689 0 10000 0
.244900 0 10000 0
.272112 3 10000 .000300
.299323 57 10000 .005700
.326534 280 10000 .028000
.353745 719 10000 .071900
.380956 1360 10000 .136000
.408168 1966 10000 .196600
.435379 2491 10000 .249100
.462590 3145 10000 .314500
.489801 3740 10000 .374000
.517012 4304 10000 .430400
.544224 4940 10000 .494000
.571435 5421 10000 .542100
.598646 5909 10000 .590900
.625857 6332 10000 .633200
.653068 6622 10000 .662200
.680280 7020 10000 .702000
.707491 7444 10000 .744400
.734702 7715 10000 .771500
.761913 8006 10000 .800600
.789124 8235 10000 .823500
.816336 8389 9999 .838983
.843547 8545 10000 .854500
.870758 8649 10000 .864900
.897969 8713 9999 .871387
.925180 8810 9997 .881264
.952392 8914 9995 .891845
.979603 8981 9999 .898189
1.006814 9016 9997 .901870
1.034025 9078 10000 .907800
1.061236 9142 9998 .914382
1.088448 9185 9996 .918867
1.115659 9238 9994 .924354
1.142870 9320 9996 .932372
1.170081 9336 9994 .934160
1.197292 9336 9992 .934347
1.224504 9339 9992 .934647
1.251715 9352 9994 .935761
1.278926 9307 9993 .931351
1.306137 9369 9990 .937837
1.333348 9381 9984 .939603
1.360560 9448 9991 .945651
1.387771 9465 9988 .947637
1.414982 9487 9994 .949269
1.442193 9500 9995 .950475
1.469404 9499 9994 .950470
1.496616 9512 9996 .951580
1.523827 9505 9992 .951261
1.551038 9539 9991 .954759
1.578249 9571 9975 .959498
1.605460 9564 9948 .961399
1.632672 9560 9928 .962933
