.027211 0 0 0 
.054422 0 0 0
.081633 0 0 0
.108844 0 10000 0
.136056 0 10000 0
.163267 0 10000 0
.190478 0 10000 0
.217689 0 10000 0
.244900 3 10000 .000300
.272112 49 10000 .004900
.299323 249 10000 .024900
.326534 724 10000 .072400
.353745 1326 10000 .132600
.380956 2115 10000 .211500
.408168 2790 10000 .279000
.435379 3465 10000 .346500
.462590 4184 10000 .418400
.489801 4962 10000 .496200
.517012 5575 10000 .557500
.544224 6165 10000 .616500
.571435 6669 10000 .666900
.598646 7086 10000 .708600
.625857 7488 10000 .748800
.653068 7798 10000 .779800
.680280 8139 10000 .813900
.707491 8470 10000 .847000
.734702 8772 10000 .877200
.761913 8980 10000 .898000
.789124 9116 10000 .911600
.816336 9199 10000 .919900
.843547 9258 10000 .925800
.870758 9328 9999 .932893
.897969 9336 10000 .933600
.925180 9388 10000 .938800
.952392 9456 9999 .945694
.979603 9501 9996 .950480
1.006814 9533 9997 .953586
1.034025 9539 9999 .953995
1.061236 9535 9999 .953595
1.088448 9555 9996 .955882
1.115659 9583 9996 .958683
1.142870 9619 9996 .962284
1.170081 9631 9993 .963774
1.197292 9636 9992 .964371
1.224504 9648 9998 .964992
1.251715 9639 9994 .964478
1.278926 9627 9996 .963085
1.306137 9633 9994 .963878
1.333348 9651 9993 .965776
1.360560 9693 9992 .970076
1.387771 9706 9991 .971474
1.414982 9751 9990 .976076
1.442193 9749 9987 .976169
1.469404 9741 9997 .974392
1.496616 9735 9992 .974279
1.523827 9737 9992 .974479
1.551038 9733 9986 .974664
1.578249 9741 9986 .975465
1.605460 9711 9960 .975000
1.632672 9696 9931 .976336
