.027211 0 0 0 
.054422 0 0 0
.081633 0 0 0
.108844 0 10000 0
.136056 0 10000 0
.163267 0 10000 0
.190478 0 10000 0
.217689 0 10000 0
.244900 0 10000 0
.272112 3 10000 .000300
.299323 30 10000 .003000
.326534 110 10000 .011000
.353745 335 10000 .033500
.380956 699 10000 .069900
.408168 1171 10000 .117100
.435379 1640 10000 .164000
.462590 2128 10000 .212800
.489801 2598 10000 .259800
.517012 3069 10000 .306900
.544224 3486 10000 .348600
.571435 3899 10000 .389900
.598646 4431 10000 .443100
.625857 4857 10000 .485700
.653068 5305 10000 .530500
.680280 5737 10000 .573700
.707491 6137 10000 .613700
.734702 6466 10000 .646600
.761913 6847 10000 .684700
.789124 7137 9999 .713771
.816336 7364 9997 .736620
.843547 7581 9996 .758403
.870758 7748 9997 .775032
.897969 7900 9998 .790158
.925180 8015 9997 .801740
.952392 8214 9999 .821482
.979603 8310 9999 .831083
1.006814 8406 9998 .840768
1.034025 8477 9994 .848208
1.061236 8544 9983 .855854
1.088448 8596 9975 .861754
1.115659 8677 9977 .869700
1.142870 8722 9968 .875000
1.170081 8821 9975 .884310
1.197292 8859 9983 .887408
1.224504 8924 9981 .894098
1.251715 8966 9985 .897946
1.278926 8983 9988 .899379
1.306137 9020 9987 .903174
1.333348 9080 9986 .909272
1.360560 9126 9990 .913513
1.387771 9152 9990 .916116
1.414982 9182 9991 .919027
1.442193 9221 9995 .922561
1.469404 9230 9990 .923923
1.496616 9254 9993 .926048
1.523827 9279 9990 .928828
1.551038 9289 9960 .932630
1.578249 9290 9929 .935643
1.605460 9258 9880 .937044
1.632672 9254 9835 .940925
