.027211 0 0 0 
.054422 0 0 0
.081633 0 0 0
.108844 0 10000 0
.136056 0 10000 0
.163267 0 10000 0
.190478 0 10000 0
.217689 0 10000 0
.244900 0 10000 0
.272112 1 10000 .000100
.299323 13 10000 .001300
.326534 54 10000 .005400
.353745 151 10000 .015100
.380956 369 10000 .036900
.408168 698 10000 .069800
.435379 1062 10000 .106200
.462590 1479 10000 .147900
.489801 1967 10000 .196700
.517012 2379 10000 .237900
.544224 2784 10000 .278400
.571435 3232 10000 .323200
.598646 3692 10000 .369200
.625857 4113 10000 .411300
.653068 4580 10000 .458000
.680280 5034 10000 .503400
.707491 5395 10000 .539500
.734702 5785 10000 .578500
.761913 6239 10000 .623900
.789124 6532 9998 .653330
.816336 6783 10000 .678300
.843547 7050 9996 .705282
.870758 7288 9997 .729018
.897969 7483 9996 .748599
.925180 7626 9997 .762828
.952392 7813 9998 .781456
.979603 7952 9997 .795438
1.006814 8090 9995 .809404
1.034025 8168 9997 .817045
1.061236 8239 9976 .825882
1.088448 8337 9960 .837048
1.115659 8445 9963 .847636
1.142870 8498 9959 .853298
1.170081 8585 9968 .861256
1.197292 8640 9956 .867818
1.224504 8727 9962 .876028
1.251715 8756 9963 .878851
1.278926 8812 9979 .883054
1.306137 8898 9981 .891493
1.333348 8967 9985 .898047
1.360560 9002 9982 .901823
1.387771 9075 9987 .908681
1.414982 9076 9991 .908417
1.442193 9114 9994 .911947
1.469404 9106 9989 .911602
1.496616 9150 9987 .916191
1.523827 9187 9987 .919895
1.551038 9172 9947 .922087
1.578249 9190 9925 .925944
1.605460 9175 9865 .930055
1.632672 9157 9822 .932294
