.027211 0 0 0 
.054422 0 0 0
.081633 0 0 0
.108844 0 10000 0
.136056 0 10000 0
.163267 0 10000 0
.190478 0 10000 0
.217689 0 10000 0
.244900 0 10000 0
.272112 1 10000 .000100
.299323 50 10000 .005000
.326534 287 10000 .028700
.353745 694 10000 .069400
.380956 1143 10000 .114300
.408168 1691 10000 .169100
.435379 2276 10000 .227600
.462590 2813 10000 .281300
.489801 3382 10000 .338200
.517012 3865 10000 .386500
.544224 4354 10000 .435400
.571435 4802 10000 .480200
.598646 5303 10000 .530300
.625857 5724 10000 .572400
.653068 6144 10000 .614400
.680280 6529 9999 .652965
.707491 6877 10000 .687700
.734702 7241 10000 .724100
.761913 7519 9998 .752050
.789124 7811 9998 .781256
.816336 7955 9998 .795659
.843547 8139 9996 .814225
.870758 8264 9999 .826482
.897969 8409 10000 .840900
.925180 8482 10000 .848200
.952392 8618 9996 .862144
.979603 8720 9999 .872087
1.006814 8782 10000 .878200
1.034025 8839 9994 .884430
1.061236 8891 9990 .889989
1.088448 8979 9991 .898708
1.115659 9009 9987 .902072
1.142870 9079 9980 .909719
1.170081 9115 9988 .912595
1.197292 9134 9987 .914588
1.224504 9145 9983 .916057
1.251715 9198 9988 .920905
1.278926 9215 9995 .921960
1.306137 9259 9992 .926641
1.333348 9283 9993 .928950
1.360560 9302 9989 .931224
1.387771 9333 9993 .933953
1.414982 9357 9990 .936636
1.442193 9398 9990 .940740
1.469404 9409 9991 .941747
1.496616 9421 9988 .943231
1.523827 9427 9988 .943832
1.551038 9467 9973 .949263
1.578249 9441 9943 .949512
1.605460 9424 9892 .952689
1.632672 9443 9874 .956350
