.027211 0 0 0
.054422 0 0 0
.081633 0 0 0
.108844 0 10000 0
.136056 0 10000 0
.163267 0 10000 0
.190478 0 10000 0
.217689 0 10000 0
.244900 2 10000 .000200
.272112 42 10000 .004200
.299323 153 10000 .015300
.326534 531 10000 .053100
.353745 1061 10000 .106100
.380956 1661 10000 .166100
.408168 2351 10000 .235100
.435379 2976 10000 .297600
.462590 3662 10000 .366200
.489801 4324 10000 .432400
.517012 4855 10000 .485500
.544224 5384 10000 .538400
.571435 5885 10000 .588500
.598646 6366 10000 .636600
.625857 6731 10000 .673100
.653068 7070 10000 .707000
.680280 7435 10000 .743500
.707491 7827 10000 .782700
.734702 8112 10000 .811200
.761913 8337 10000 .833700
.789124 8508 9999 .850885
.816336 8630 10000 .863000
.843547 8749 9999 .874987
.870758 8826 10000 .882600
.897969 8940 10000 .894000
.925180 8999 9999 .899989
.952392 9084 9999 .908490
.979603 9164 9998 .916583
1.006814 9220 10000 .922000
1.034025 9248 9996 .925170
1.061236 9275 9993 .928149
1.088448 9312 9996 .931572
1.115659 9368 9989 .937831
1.142870 9406 9991 .941447
1.170081 9454 9994 .945967
1.197292 9444 9994 .944966
1.224504 9456 9990 .946546
1.251715 9477 9989 .948743
1.278926 9490 9997 .949284
1.306137 9508 9995 .951275
1.333348 9506 9992 .951361
1.360560 9561 9991 .956961
1.387771 9554 9993 .956069
1.414982 9602 9994 .960776
1.442193 9609 9995 .961380
1.469404 9621 9992 .962870
1.496616 9630 9994 .963578
1.523827 9625 9984 .964042
1.551038 9632 9982 .964936
1.578249 9633 9961 .967071
1.605460 9616 9930 .968378
1.632672 9603 9909 .969118
