.027211 0 0 0 
.054422 0 0 0
.081633 0 0 0
.108844 0 10000 0
.136056 0 10000 0
.163267 0 10000 0
.190478 0 10000 0
.217689 0 10000 0
.244900 0 10000 0
.272112 0 10000 0
.299323 1 10000 .000100
.326534 16 10000 .001600
.353745 72 10000 .007200
.380956 197 10000 .019700
.408168 403 10000 .040300
.435379 756 10000 .075600
.462590 1123 10000 .112300
.489801 1530 10000 .153000
.517012 1928 10000 .192800
.544224 2328 10000 .232800
.571435 2745 10000 .274500
.598646 3184 10000 .318400
.625857 3631 10000 .363100
.653068 3985 10000 .398500
.680280 4480 9999 .448044
.707491 4842 10000 .484200
.734702 5307 10000 .530700
.761913 5725 9999 .572557
.789124 6075 10000 .607500
.816336 6332 9999 .633263
.843547 6642 9997 .664399
.870758 6910 9989 .691760
.897969 7150 9989 .715787
.925180 7337 9990 .734434
.952392 7565 9994 .756954
.979603 7715 9999 .771577
1.006814 7873 9995 .787693
1.034025 7993 9996 .799619
1.061236 8120 9978 .813790
1.088448 8210 9957 .824545
1.115659 8294 9942 .834238
1.142870 8358 9948 .840168
1.170081 8475 9944 .852272
1.197292 8532 9939 .858436
1.224504 8631 9956 .866914
1.251715 8689 9962 .872214
1.278926 8766 9958 .880297
1.306137 8844 9971 .886972
1.333348 8909 9972 .893401
1.360560 8982 9988 .899279
1.387771 9026 9990 .903503
1.414982 9062 9989 .907197
1.442193 9063 9988 .907388
1.469404 9088 9987 .909982
1.496616 9149 9991 .915724
1.523827 9162 9975 .918496
1.551038 9149 9956 .918943
1.578249 9135 9903 .922447
1.605460 9113 9870 .923302
1.632672 9110 9834 .926377
