.027211 0 0 0 
.054422 0 0 0
.081633 0 0 0
.108844 0 10000 0
.136056 0 10000 0
.163267 0 10000 0
.190478 0 10000 0
.217689 0 10000 0
.244900 0 10000 0
.272112 0 10000 0
.299323 0 10000 0
.326534 6 10000 .000600
.353745 46 10000 .004600
.380956 153 10000 .015300
.408168 351 10000 .035100
.435379 660 10000 .066000
.462590 1025 10000 .102500
.489801 1396 10000 .139600
.517012 1750 10000 .175000
.544224 2209 10000 .220900
.571435 2602 10000 .260200
.598646 3036 10000 .303600
.625857 3423 10000 .342300
.653068 3847 10000 .384700
.680280 4263 10000 .426300
.707491 4614 10000 .461400
.734702 5053 10000 .505300
.761913 5477 10000 .547700
.789124 5894 9998 .589517
.816336 6200 9999 .620062
.843547 6454 9996 .645658
.870758 6728 9994 .673203
.897969 6948 9985 .695843
.925180 7172 9985 .718277
.952392 7391 9992 .739691
.979603 7590 9991 .759683
1.006814 7750 9992 .775620
1.034025 7918 9994 .792275
1.061236 8026 9976 .804530
1.088448 8159 9949 .820082
1.115659 8239 9942 .828706
1.142870 8307 9938 .835882
1.170081 8415 9944 .846238
1.197292 8470 9926 .853314
1.224504 8574 9951 .861621
1.251715 8634 9956 .867215
1.278926 8721 9957 .875866
1.306137 8786 9960 .882128
1.333348 8854 9965 .888509
1.360560 8923 9973 .894715
1.387771 8967 9972 .899217
1.414982 9010 9976 .903167
1.442193 9039 9981 .905620
1.469404 9056 9987 .906778
1.496616 9097 9984 .911157
1.523827 9123 9978 .914311
1.551038 9141 9952 .918508
1.578249 9110 9911 .919180
1.605460 9110 9869 .923092
1.632672 9096 9811 .927122
