.027211 0 0 0
.054422 0 0 0
.081633 0 0 0
.108844 0 10000 0
.136056 0 10000 0
.163267 0 10000 0
.190478 0 10000 0
.217689 10 10000 .001000
.244900 66 10000 .006600
.272112 237 10000 .023700
.299323 523 10000 .052300
.326534 1040 10000 .104000
.353745 1725 10000 .172500
.380956 2427 10000 .242700
.408168 3155 10000 .315500
.435379 4124 10000 .412400
.462590 4853 10000 .485300
.489801 5638 10000 .563800
.517012 6249 10000 .624900
.544224 6828 10000 .682800
.571435 7196 10000 .719600
.598646 7665 10000 .766500
.625857 7962 10000 .796200
.653068 8313 10000 .831300
.680280 8581 10000 .858100
.707491 8940 9999 .894089
.734702 9131 10000 .913100
.761913 9261 10000 .926100
.789124 9324 10000 .932400
.816336 9367 10000 .936700
.843547 9389 10000 .938900
.870758 9442 9998 .944388
.897969 9481 10000 .948100
.925180 9543 10000 .954300
.952392 9567 10000 .956700
.979603 9596 9999 .959695
1.006814 9613 9999 .961396
1.034025 9628 9999 .962896
1.061236 9660 9996 .966386
1.088448 9671 9994 .967680
1.115659 9684 9993 .969078
1.142870 9721 9992 .972878
1.170081 9744 9997 .974692
1.197292 9731 9997 .973392
1.224504 9709 9993 .971580
1.251715 9724 9999 .972497
1.278926 9728 9997 .973091
1.306137 9731 9995 .973586
1.333348 9756 9993 .976283
1.360560 9755 9984 .977063
1.387771 9777 9991 .978580
1.414982 9792 9990 .980180
1.442193 9795 9986 .980873
1.469404 9814 9995 .981890
1.496616 9789 9993 .979585
1.523827 9771 9985 .978567
1.551038 9765 9981 .978358
1.578249 9737 9955 .978101
1.605460 9727 9926 .979951
1.632672 9714 9907 .980518
