.027211 0 0 0
.054422 0 0 0
.081633 0 0 0
.108844 0 10000 0
.136056 0 10000 0
.163267 0 10000 0
.190478 0 10000 0
.217689 0 10000 0
.244900 0 10000 0
.272112 0 10000 0
.299323 1 10000 .000100
.326534 23 10000 .002300
.353745 109 10000 .010900
.380956 299 10000 .029900
.408168 521 10000 .052100
.435379 815 10000 .081500
.462590 1118 10000 .111800
.489801 1496 10000 .149600
.517012 1886 10000 .188600
.544224 2283 10000 .228300
.571435 2691 10000 .269100
.598646 3133 10000 .313300
.625857 3494 10000 .349400
.653068 3811 10000 .381100
.680280 4258 10000 .425800
.707491 4704 10000 .470400
.734702 5103 9998 .510402
.761913 5568 10000 .556800
.789124 5990 10000 .599000
.816336 6300 9999 .630063
.843547 6660 9997 .666199
.870758 6887 9997 .688906
.897969 7126 9992 .713170
.925180 7363 9987 .737258
.952392 7573 9990 .758058
.979603 7765 9986 .777588
1.006814 7900 9993 .790553
1.034025 8064 9979 .808097
1.061236 8153 9946 .819726
1.088448 8219 9923 .828277
1.115659 8239 9907 .831634
1.142870 8328 9906 .840702
1.170081 8421 9923 .848634
1.197292 8526 9939 .857832
1.224504 8596 9945 .864353
1.251715 8663 9958 .869953
1.278926 8742 9967 .877094
1.306137 8801 9967 .883013
1.333348 8843 9968 .887138
1.360560 8945 9978 .896472
1.387771 8990 9982 .900621
1.414982 9019 9982 .903526
1.442193 9067 9976 .908881
1.469404 9094 9983 .910948
1.496616 9126 9981 .914337
1.523827 9176 9958 .921470
1.551038 9182 9922 .925418
1.578249 9193 9877 .930748
1.605460 9180 9840 .932926
1.632672 9123 9775 .933299
