.027211 0 0 0
.054422 0 0 0
.081633 0 0 0
.108844 0 10000 0
.136056 0 10000 0
.163267 0 10000 0
.190478 0 10000 0
.217689 0 10000 0
.244900 0 10000 0
.272112 0 10000 0
.299323 0 10000 0
.326534 19 10000 .001900
.353745 108 10000 .010800
.380956 267 10000 .026700
.408168 461 10000 .046100
.435379 728 10000 .072800
.462590 1025 10000 .102500
.489801 1354 10000 .135400
.517012 1726 10000 .172600
.544224 2117 10000 .211700
.571435 2524 10000 .252400
.598646 2949 10000 .294900
.625857 3278 10000 .327800
.653068 3622 10000 .362200
.680280 4085 10000 .408500
.707491 4536 10000 .453600
.734702 4939 10000 .493900
.761913 5382 10000 .538200
.789124 5747 9997 .574872
.816336 6149 9998 .615023
.843547 6464 9993 .646852
.870758 6752 9989 .675943
.897969 7045 9980 .705911
.925180 7306 9980 .732064
.952392 7471 9988 .747997
.979603 7659 9993 .766436
1.006814 7826 9992 .783226
1.034025 7991 9975 .801102
1.061236 8083 9955 .811953
1.088448 8107 9903 .818640
1.115659 8198 9901 .827997
1.142870 8311 9901 .839410
1.170081 8370 9918 .843920
1.197292 8415 9937 .846835
1.224504 8475 9938 .852787
1.251715 8619 9946 .866579
1.278926 8683 9959 .871874
1.306137 8786 9965 .881685
1.333348 8877 9976 .889835
1.360560 8948 9979 .896683
1.387771 8958 9977 .897865
1.414982 9032 9988 .904285
1.442193 9070 9981 .908726
1.469404 9059 9979 .907806
1.496616 9110 9985 .912368
1.523827 9153 9960 .918975
1.551038 9160 9932 .922271
1.578249 9162 9883 .927046
1.605460 9170 9849 .931058
1.632672 9118 9785 .931834
