.027211 0 0 0 
.054422 0 0 0
.081633 0 0 0
.108844 0 10000 0
.136056 0 10000 0
.163267 0 10000 0
.190478 0 10000 0
.217689 0 10000 0
.244900 0 10000 0
.272112 0 10000 0
.299323 7 10000 .000700
.326534 64 10000 .006400
.353745 213 10000 .021300
.380956 464 10000 .046400
.408168 764 10000 .076400
.435379 1132 10000 .113200
.462590 1522 10000 .152200
.489801 1897 10000 .189700
.517012 2311 10000 .231100
.544224 2699 10000 .269900
.571435 3113 10000 .311300
.598646 3542 10000 .354200
.625857 3941 10000 .394100
.653068 4244 10000 .424400
.680280 4706 10000 .470600
.707491 5122 10000 .512200
.734702 5564 10000 .556400
.761913 5960 9999 .596059
.789124 6350 9999 .635063
.816336 6736 9994 .674004
.843547 6990 9993 .699489
.870758 7244 9989 .725197
.897969 7449 9993 .745421
.925180 7655 9995 .765882
.952392 7802 9998 .780356
.979603 7940 9996 .794317
1.006814 8099 9997 .810143
1.034025 8232 9986 .824354
1.061236 8275 9957 .831073
1.088448 8330 9935 .838449
1.115659 8412 9940 .846277
1.142870 8483 9933 .854021
1.170081 8550 9937 .860420
1.197292 8624 9942 .867431
1.224504 8670 9958 .870656
1.251715 8724 9967 .875288
1.278926 8806 9978 .882541
1.306137 8853 9979 .887163
1.333348 8900 9974 .892320
1.360560 8966 9983 .898126
1.387771 9024 9984 .903846
1.414982 9072 9986 .908471
1.442193 9111 9980 .912925
1.469404 9166 9985 .917976
1.496616 9189 9981 .920649
1.523827 9188 9957 .922767
1.551038 9189 9914 .926871
1.578249 9181 9869 .930286
1.605460 9160 9828 .932030
1.632672 9139 9791 .933408
